Symlinking /home/comp2/simulation_ws/devel/include/kobuki_msgs/AutoDockingResult.h
Symlinking /home/comp2/simulation_ws/devel/include/kobuki_msgs/SensorState.h
Symlinking /home/comp2/simulation_ws/devel/include/kobuki_msgs/ControllerInfo.h
Symlinking /home/comp2/simulation_ws/devel/include/kobuki_msgs/ExternalPower.h
Symlinking /home/comp2/simulation_ws/devel/include/kobuki_msgs/DockInfraRed.h
Symlinking /home/comp2/simulation_ws/devel/include/kobuki_msgs/AutoDockingActionGoal.h
Symlinking /home/comp2/simulation_ws/devel/include/kobuki_msgs/Led.h
Symlinking /home/comp2/simulation_ws/devel/include/kobuki_msgs/AutoDockingActionResult.h
Symlinking /home/comp2/simulation_ws/devel/include/kobuki_msgs/AutoDockingFeedback.h
Symlinking /home/comp2/simulation_ws/devel/include/kobuki_msgs/PowerSystemEvent.h
Symlinking /home/comp2/simulation_ws/devel/include/kobuki_msgs/KeyboardInput.h
Symlinking /home/comp2/simulation_ws/devel/include/kobuki_msgs/BumperEvent.h
Symlinking /home/comp2/simulation_ws/devel/include/kobuki_msgs/AutoDockingActionFeedback.h
Symlinking /home/comp2/simulation_ws/devel/include/kobuki_msgs/Sound.h
Symlinking /home/comp2/simulation_ws/devel/include/kobuki_msgs/ScanAngle.h
Symlinking /home/comp2/simulation_ws/devel/include/kobuki_msgs/MotorPower.h
Symlinking /home/comp2/simulation_ws/devel/include/kobuki_msgs/DigitalInputEvent.h
Symlinking /home/comp2/simulation_ws/devel/include/kobuki_msgs/DigitalOutput.h
Symlinking /home/comp2/simulation_ws/devel/include/kobuki_msgs/CliffEvent.h
Symlinking /home/comp2/simulation_ws/devel/include/kobuki_msgs/RobotStateEvent.h
Symlinking /home/comp2/simulation_ws/devel/include/kobuki_msgs/ButtonEvent.h
Symlinking /home/comp2/simulation_ws/devel/include/kobuki_msgs/WheelDropEvent.h
Symlinking /home/comp2/simulation_ws/devel/include/kobuki_msgs/AutoDockingAction.h
Symlinking /home/comp2/simulation_ws/devel/include/kobuki_msgs/VersionInfo.h
Symlinking /home/comp2/simulation_ws/devel/include/kobuki_msgs/AutoDockingGoal.h
Symlinking /home/comp2/simulation_ws/devel/lib/python2.7/dist-packages/kobuki_msgs/__init__.py
Symlinking /home/comp2/simulation_ws/devel/lib/python2.7/dist-packages/kobuki_msgs/msg/_PowerSystemEvent.py
Symlinking /home/comp2/simulation_ws/devel/lib/python2.7/dist-packages/kobuki_msgs/msg/_BumperEvent.py
Symlinking /home/comp2/simulation_ws/devel/lib/python2.7/dist-packages/kobuki_msgs/msg/_AutoDockingGoal.py
Symlinking /home/comp2/simulation_ws/devel/lib/python2.7/dist-packages/kobuki_msgs/msg/__init__.py
Symlinking /home/comp2/simulation_ws/devel/lib/python2.7/dist-packages/kobuki_msgs/msg/_Sound.py
Symlinking /home/comp2/simulation_ws/devel/lib/python2.7/dist-packages/kobuki_msgs/msg/_RobotStateEvent.py
Symlinking /home/comp2/simulation_ws/devel/lib/python2.7/dist-packages/kobuki_msgs/msg/_AutoDockingActionResult.py
Symlinking /home/comp2/simulation_ws/devel/lib/python2.7/dist-packages/kobuki_msgs/msg/_AutoDockingAction.py
Symlinking /home/comp2/simulation_ws/devel/lib/python2.7/dist-packages/kobuki_msgs/msg/_ControllerInfo.py
Symlinking /home/comp2/simulation_ws/devel/lib/python2.7/dist-packages/kobuki_msgs/msg/_DigitalInputEvent.py
Symlinking /home/comp2/simulation_ws/devel/lib/python2.7/dist-packages/kobuki_msgs/msg/_CliffEvent.py
Symlinking /home/comp2/simulation_ws/devel/lib/python2.7/dist-packages/kobuki_msgs/msg/_AutoDockingActionGoal.py
Symlinking /home/comp2/simulation_ws/devel/lib/python2.7/dist-packages/kobuki_msgs/msg/_Led.py
Symlinking /home/comp2/simulation_ws/devel/lib/python2.7/dist-packages/kobuki_msgs/msg/_ScanAngle.py
Symlinking /home/comp2/simulation_ws/devel/lib/python2.7/dist-packages/kobuki_msgs/msg/_AutoDockingResult.py
Symlinking /home/comp2/simulation_ws/devel/lib/python2.7/dist-packages/kobuki_msgs/msg/_VersionInfo.py
Symlinking /home/comp2/simulation_ws/devel/lib/python2.7/dist-packages/kobuki_msgs/msg/_AutoDockingActionFeedback.py
Symlinking /home/comp2/simulation_ws/devel/lib/python2.7/dist-packages/kobuki_msgs/msg/_ButtonEvent.py
Symlinking /home/comp2/simulation_ws/devel/lib/python2.7/dist-packages/kobuki_msgs/msg/_KeyboardInput.py
Symlinking /home/comp2/simulation_ws/devel/lib/python2.7/dist-packages/kobuki_msgs/msg/_MotorPower.py
Symlinking /home/comp2/simulation_ws/devel/lib/python2.7/dist-packages/kobuki_msgs/msg/_AutoDockingFeedback.py
Symlinking /home/comp2/simulation_ws/devel/lib/python2.7/dist-packages/kobuki_msgs/msg/_SensorState.py
Symlinking /home/comp2/simulation_ws/devel/lib/python2.7/dist-packages/kobuki_msgs/msg/_DockInfraRed.py
Symlinking /home/comp2/simulation_ws/devel/lib/python2.7/dist-packages/kobuki_msgs/msg/_ExternalPower.py
Symlinking /home/comp2/simulation_ws/devel/lib/python2.7/dist-packages/kobuki_msgs/msg/_DigitalOutput.py
Symlinking /home/comp2/simulation_ws/devel/lib/python2.7/dist-packages/kobuki_msgs/msg/_WheelDropEvent.py
Symlinking /home/comp2/simulation_ws/devel/lib/pkgconfig/kobuki_msgs.pc
Symlinking /home/comp2/simulation_ws/devel/share/gennodejs/ros/kobuki_msgs/_index.js
Symlinking /home/comp2/simulation_ws/devel/share/gennodejs/ros/kobuki_msgs/msg/ExternalPower.js
Symlinking /home/comp2/simulation_ws/devel/share/gennodejs/ros/kobuki_msgs/msg/AutoDockingActionFeedback.js
Symlinking /home/comp2/simulation_ws/devel/share/gennodejs/ros/kobuki_msgs/msg/MotorPower.js
Symlinking /home/comp2/simulation_ws/devel/share/gennodejs/ros/kobuki_msgs/msg/PowerSystemEvent.js
Symlinking /home/comp2/simulation_ws/devel/share/gennodejs/ros/kobuki_msgs/msg/Led.js
Symlinking /home/comp2/simulation_ws/devel/share/gennodejs/ros/kobuki_msgs/msg/_index.js
Symlinking /home/comp2/simulation_ws/devel/share/gennodejs/ros/kobuki_msgs/msg/BumperEvent.js
Symlinking /home/comp2/simulation_ws/devel/share/gennodejs/ros/kobuki_msgs/msg/AutoDockingResult.js
Symlinking /home/comp2/simulation_ws/devel/share/gennodejs/ros/kobuki_msgs/msg/Sound.js
Symlinking /home/comp2/simulation_ws/devel/share/gennodejs/ros/kobuki_msgs/msg/AutoDockingGoal.js
Symlinking /home/comp2/simulation_ws/devel/share/gennodejs/ros/kobuki_msgs/msg/KeyboardInput.js
Symlinking /home/comp2/simulation_ws/devel/share/gennodejs/ros/kobuki_msgs/msg/SensorState.js
Symlinking /home/comp2/simulation_ws/devel/share/gennodejs/ros/kobuki_msgs/msg/AutoDockingAction.js
Symlinking /home/comp2/simulation_ws/devel/share/gennodejs/ros/kobuki_msgs/msg/AutoDockingActionGoal.js
Symlinking /home/comp2/simulation_ws/devel/share/gennodejs/ros/kobuki_msgs/msg/ControllerInfo.js
Symlinking /home/comp2/simulation_ws/devel/share/gennodejs/ros/kobuki_msgs/msg/DigitalOutput.js
Symlinking /home/comp2/simulation_ws/devel/share/gennodejs/ros/kobuki_msgs/msg/DigitalInputEvent.js
Symlinking /home/comp2/simulation_ws/devel/share/gennodejs/ros/kobuki_msgs/msg/WheelDropEvent.js
Symlinking /home/comp2/simulation_ws/devel/share/gennodejs/ros/kobuki_msgs/msg/AutoDockingFeedback.js
Symlinking /home/comp2/simulation_ws/devel/share/gennodejs/ros/kobuki_msgs/msg/CliffEvent.js
Symlinking /home/comp2/simulation_ws/devel/share/gennodejs/ros/kobuki_msgs/msg/RobotStateEvent.js
Symlinking /home/comp2/simulation_ws/devel/share/gennodejs/ros/kobuki_msgs/msg/ButtonEvent.js
Symlinking /home/comp2/simulation_ws/devel/share/gennodejs/ros/kobuki_msgs/msg/VersionInfo.js
Symlinking /home/comp2/simulation_ws/devel/share/gennodejs/ros/kobuki_msgs/msg/ScanAngle.js
Symlinking /home/comp2/simulation_ws/devel/share/gennodejs/ros/kobuki_msgs/msg/AutoDockingActionResult.js
Symlinking /home/comp2/simulation_ws/devel/share/gennodejs/ros/kobuki_msgs/msg/DockInfraRed.js
Symlinking /home/comp2/simulation_ws/devel/share/kobuki_msgs/cmake/kobuki_msgsConfig.cmake
Symlinking /home/comp2/simulation_ws/devel/share/kobuki_msgs/cmake/kobuki_msgsConfig-version.cmake
Symlinking /home/comp2/simulation_ws/devel/share/kobuki_msgs/cmake/kobuki_msgs-msg-extras.cmake
Symlinking /home/comp2/simulation_ws/devel/share/kobuki_msgs/cmake/kobuki_msgs-msg-paths.cmake
Symlinking /home/comp2/simulation_ws/devel/share/kobuki_msgs/msg/AutoDockingFeedback.msg
Symlinking /home/comp2/simulation_ws/devel/share/kobuki_msgs/msg/AutoDockingGoal.msg
Symlinking /home/comp2/simulation_ws/devel/share/kobuki_msgs/msg/AutoDockingResult.msg
Symlinking /home/comp2/simulation_ws/devel/share/kobuki_msgs/msg/AutoDockingAction.msg
Symlinking /home/comp2/simulation_ws/devel/share/kobuki_msgs/msg/AutoDockingActionFeedback.msg
Symlinking /home/comp2/simulation_ws/devel/share/kobuki_msgs/msg/AutoDockingActionResult.msg
Symlinking /home/comp2/simulation_ws/devel/share/kobuki_msgs/msg/AutoDockingActionGoal.msg
Symlinking /home/comp2/simulation_ws/devel/share/roseus/ros/kobuki_msgs/manifest.l
Symlinking /home/comp2/simulation_ws/devel/share/roseus/ros/kobuki_msgs/msg/AutoDockingActionFeedback.l
Symlinking /home/comp2/simulation_ws/devel/share/roseus/ros/kobuki_msgs/msg/ExternalPower.l
Symlinking /home/comp2/simulation_ws/devel/share/roseus/ros/kobuki_msgs/msg/KeyboardInput.l
Symlinking /home/comp2/simulation_ws/devel/share/roseus/ros/kobuki_msgs/msg/ButtonEvent.l
Symlinking /home/comp2/simulation_ws/devel/share/roseus/ros/kobuki_msgs/msg/BumperEvent.l
Symlinking /home/comp2/simulation_ws/devel/share/roseus/ros/kobuki_msgs/msg/WheelDropEvent.l
Symlinking /home/comp2/simulation_ws/devel/share/roseus/ros/kobuki_msgs/msg/AutoDockingFeedback.l
Symlinking /home/comp2/simulation_ws/devel/share/roseus/ros/kobuki_msgs/msg/AutoDockingAction.l
Symlinking /home/comp2/simulation_ws/devel/share/roseus/ros/kobuki_msgs/msg/SensorState.l
Symlinking /home/comp2/simulation_ws/devel/share/roseus/ros/kobuki_msgs/msg/ScanAngle.l
Symlinking /home/comp2/simulation_ws/devel/share/roseus/ros/kobuki_msgs/msg/DigitalOutput.l
Symlinking /home/comp2/simulation_ws/devel/share/roseus/ros/kobuki_msgs/msg/Sound.l
Symlinking /home/comp2/simulation_ws/devel/share/roseus/ros/kobuki_msgs/msg/DockInfraRed.l
Symlinking /home/comp2/simulation_ws/devel/share/roseus/ros/kobuki_msgs/msg/RobotStateEvent.l
Symlinking /home/comp2/simulation_ws/devel/share/roseus/ros/kobuki_msgs/msg/AutoDockingGoal.l
Symlinking /home/comp2/simulation_ws/devel/share/roseus/ros/kobuki_msgs/msg/VersionInfo.l
Symlinking /home/comp2/simulation_ws/devel/share/roseus/ros/kobuki_msgs/msg/CliffEvent.l
Symlinking /home/comp2/simulation_ws/devel/share/roseus/ros/kobuki_msgs/msg/PowerSystemEvent.l
Symlinking /home/comp2/simulation_ws/devel/share/roseus/ros/kobuki_msgs/msg/Led.l
Symlinking /home/comp2/simulation_ws/devel/share/roseus/ros/kobuki_msgs/msg/AutoDockingActionResult.l
Symlinking /home/comp2/simulation_ws/devel/share/roseus/ros/kobuki_msgs/msg/AutoDockingActionGoal.l
Symlinking /home/comp2/simulation_ws/devel/share/roseus/ros/kobuki_msgs/msg/ControllerInfo.l
Symlinking /home/comp2/simulation_ws/devel/share/roseus/ros/kobuki_msgs/msg/MotorPower.l
Symlinking /home/comp2/simulation_ws/devel/share/roseus/ros/kobuki_msgs/msg/DigitalInputEvent.l
Symlinking /home/comp2/simulation_ws/devel/share/roseus/ros/kobuki_msgs/msg/AutoDockingResult.l
Symlinking /home/comp2/simulation_ws/devel/share/common-lisp/ros/kobuki_msgs/msg/DigitalInputEvent.lisp
Symlinking /home/comp2/simulation_ws/devel/share/common-lisp/ros/kobuki_msgs/msg/_package_AutoDockingGoal.lisp
Symlinking /home/comp2/simulation_ws/devel/share/common-lisp/ros/kobuki_msgs/msg/_package_ButtonEvent.lisp
Symlinking /home/comp2/simulation_ws/devel/share/common-lisp/ros/kobuki_msgs/msg/_package_DockInfraRed.lisp
Symlinking /home/comp2/simulation_ws/devel/share/common-lisp/ros/kobuki_msgs/msg/_package_AutoDockingActionGoal.lisp
Symlinking /home/comp2/simulation_ws/devel/share/common-lisp/ros/kobuki_msgs/msg/DigitalOutput.lisp
Symlinking /home/comp2/simulation_ws/devel/share/common-lisp/ros/kobuki_msgs/msg/Sound.lisp
Symlinking /home/comp2/simulation_ws/devel/share/common-lisp/ros/kobuki_msgs/msg/KeyboardInput.lisp
Symlinking /home/comp2/simulation_ws/devel/share/common-lisp/ros/kobuki_msgs/msg/_package_PowerSystemEvent.lisp
Symlinking /home/comp2/simulation_ws/devel/share/common-lisp/ros/kobuki_msgs/msg/_package_DigitalInputEvent.lisp
Symlinking /home/comp2/simulation_ws/devel/share/common-lisp/ros/kobuki_msgs/msg/_package_BumperEvent.lisp
Symlinking /home/comp2/simulation_ws/devel/share/common-lisp/ros/kobuki_msgs/msg/_package_AutoDockingAction.lisp
Symlinking /home/comp2/simulation_ws/devel/share/common-lisp/ros/kobuki_msgs/msg/_package_AutoDockingActionFeedback.lisp
Symlinking /home/comp2/simulation_ws/devel/share/common-lisp/ros/kobuki_msgs/msg/VersionInfo.lisp
Symlinking /home/comp2/simulation_ws/devel/share/common-lisp/ros/kobuki_msgs/msg/ExternalPower.lisp
Symlinking /home/comp2/simulation_ws/devel/share/common-lisp/ros/kobuki_msgs/msg/AutoDockingGoal.lisp
Symlinking /home/comp2/simulation_ws/devel/share/common-lisp/ros/kobuki_msgs/msg/CliffEvent.lisp
Symlinking /home/comp2/simulation_ws/devel/share/common-lisp/ros/kobuki_msgs/msg/_package_ControllerInfo.lisp
Symlinking /home/comp2/simulation_ws/devel/share/common-lisp/ros/kobuki_msgs/msg/_package_ExternalPower.lisp
Symlinking /home/comp2/simulation_ws/devel/share/common-lisp/ros/kobuki_msgs/msg/_package_RobotStateEvent.lisp
Symlinking /home/comp2/simulation_ws/devel/share/common-lisp/ros/kobuki_msgs/msg/_package_KeyboardInput.lisp
Symlinking /home/comp2/simulation_ws/devel/share/common-lisp/ros/kobuki_msgs/msg/ButtonEvent.lisp
Symlinking /home/comp2/simulation_ws/devel/share/common-lisp/ros/kobuki_msgs/msg/RobotStateEvent.lisp
Symlinking /home/comp2/simulation_ws/devel/share/common-lisp/ros/kobuki_msgs/msg/_package_DigitalOutput.lisp
Symlinking /home/comp2/simulation_ws/devel/share/common-lisp/ros/kobuki_msgs/msg/WheelDropEvent.lisp
Symlinking /home/comp2/simulation_ws/devel/share/common-lisp/ros/kobuki_msgs/msg/_package_SensorState.lisp
Symlinking /home/comp2/simulation_ws/devel/share/common-lisp/ros/kobuki_msgs/msg/_package_VersionInfo.lisp
Symlinking /home/comp2/simulation_ws/devel/share/common-lisp/ros/kobuki_msgs/msg/ControllerInfo.lisp
Symlinking /home/comp2/simulation_ws/devel/share/common-lisp/ros/kobuki_msgs/msg/_package_Led.lisp
Symlinking /home/comp2/simulation_ws/devel/share/common-lisp/ros/kobuki_msgs/msg/AutoDockingAction.lisp
Symlinking /home/comp2/simulation_ws/devel/share/common-lisp/ros/kobuki_msgs/msg/AutoDockingActionGoal.lisp
Symlinking /home/comp2/simulation_ws/devel/share/common-lisp/ros/kobuki_msgs/msg/BumperEvent.lisp
Symlinking /home/comp2/simulation_ws/devel/share/common-lisp/ros/kobuki_msgs/msg/AutoDockingActionFeedback.lisp
Symlinking /home/comp2/simulation_ws/devel/share/common-lisp/ros/kobuki_msgs/msg/AutoDockingResult.lisp
Symlinking /home/comp2/simulation_ws/devel/share/common-lisp/ros/kobuki_msgs/msg/_package_ScanAngle.lisp
Symlinking /home/comp2/simulation_ws/devel/share/common-lisp/ros/kobuki_msgs/msg/_package_CliffEvent.lisp
Symlinking /home/comp2/simulation_ws/devel/share/common-lisp/ros/kobuki_msgs/msg/_package_AutoDockingResult.lisp
Symlinking /home/comp2/simulation_ws/devel/share/common-lisp/ros/kobuki_msgs/msg/SensorState.lisp
Symlinking /home/comp2/simulation_ws/devel/share/common-lisp/ros/kobuki_msgs/msg/AutoDockingActionResult.lisp
Symlinking /home/comp2/simulation_ws/devel/share/common-lisp/ros/kobuki_msgs/msg/MotorPower.lisp
Symlinking /home/comp2/simulation_ws/devel/share/common-lisp/ros/kobuki_msgs/msg/_package_AutoDockingActionResult.lisp
Symlinking /home/comp2/simulation_ws/devel/share/common-lisp/ros/kobuki_msgs/msg/kobuki_msgs-msg.asd
Symlinking /home/comp2/simulation_ws/devel/share/common-lisp/ros/kobuki_msgs/msg/AutoDockingFeedback.lisp
Symlinking /home/comp2/simulation_ws/devel/share/common-lisp/ros/kobuki_msgs/msg/_package_AutoDockingFeedback.lisp
Symlinking /home/comp2/simulation_ws/devel/share/common-lisp/ros/kobuki_msgs/msg/_package_WheelDropEvent.lisp
Symlinking /home/comp2/simulation_ws/devel/share/common-lisp/ros/kobuki_msgs/msg/DockInfraRed.lisp
Symlinking /home/comp2/simulation_ws/devel/share/common-lisp/ros/kobuki_msgs/msg/_package_MotorPower.lisp
Symlinking /home/comp2/simulation_ws/devel/share/common-lisp/ros/kobuki_msgs/msg/Led.lisp
Symlinking /home/comp2/simulation_ws/devel/share/common-lisp/ros/kobuki_msgs/msg/PowerSystemEvent.lisp
Symlinking /home/comp2/simulation_ws/devel/share/common-lisp/ros/kobuki_msgs/msg/_package_Sound.lisp
Symlinking /home/comp2/simulation_ws/devel/share/common-lisp/ros/kobuki_msgs/msg/_package.lisp
Symlinking /home/comp2/simulation_ws/devel/share/common-lisp/ros/kobuki_msgs/msg/ScanAngle.lisp
