[  0%] Built target _kobuki_msgs_generate_messages_check_deps_ScanAngle
[  0%] Built target _kobuki_msgs_generate_messages_check_deps_AutoDockingActionFeedback
[  0%] Built target _kobuki_msgs_generate_messages_check_deps_ExternalPower
[  0%] Built target _kobuki_msgs_generate_messages_check_deps_Led
[  0%] Built target _kobuki_msgs_generate_messages_check_deps_Sound
[  0%] Built target actionlib_msgs_generate_messages_lisp
[  0%] Built target _kobuki_msgs_generate_messages_check_deps_DigitalInputEvent
[  0%] Built target _kobuki_msgs_generate_messages_check_deps_DigitalOutput
[  0%] Built target _kobuki_msgs_generate_messages_check_deps_ControllerInfo
[  0%] Built target _kobuki_msgs_generate_messages_check_deps_BumperEvent
[  0%] Built target std_msgs_generate_messages_lisp
[  0%] Built target _kobuki_msgs_generate_messages_check_deps_WheelDropEvent
[  0%] Built target _kobuki_msgs_generate_messages_check_deps_AutoDockingFeedback
[  0%] Built target _kobuki_msgs_generate_messages_check_deps_AutoDockingAction
[  0%] Built target _kobuki_msgs_generate_messages_check_deps_CliffEvent
[  0%] Built target _kobuki_msgs_generate_messages_check_deps_RobotStateEvent
[  0%] Built target _kobuki_msgs_generate_messages_check_deps_MotorPower
[  0%] Built target _kobuki_msgs_generate_messages_check_deps_VersionInfo
[  0%] Built target _kobuki_msgs_generate_messages_check_deps_AutoDockingGoal
[  0%] Built target _kobuki_msgs_generate_messages_check_deps_SensorState
[  0%] Built target _kobuki_msgs_generate_messages_check_deps_DockInfraRed
[  0%] Built target _kobuki_msgs_generate_messages_check_deps_AutoDockingActionResult
[  0%] Built target _kobuki_msgs_generate_messages_check_deps_ButtonEvent
[  0%] Built target _kobuki_msgs_generate_messages_check_deps_KeyboardInput
[  0%] Built target _kobuki_msgs_generate_messages_check_deps_AutoDockingActionGoal
[  0%] Built target _kobuki_msgs_generate_messages_check_deps_PowerSystemEvent
[  0%] Built target _kobuki_msgs_generate_messages_check_deps_AutoDockingResult
[  0%] Built target std_msgs_generate_messages_nodejs
[  0%] Built target actionlib_msgs_generate_messages_nodejs
[  0%] Built target std_msgs_generate_messages_eus
[  0%] Built target actionlib_msgs_generate_messages_eus
[  0%] Built target actionlib_msgs_generate_messages_cpp
[  0%] Built target std_msgs_generate_messages_cpp
[  0%] Built target actionlib_msgs_generate_messages_py
[  0%] Built target std_msgs_generate_messages_py
[ 20%] Built target kobuki_msgs_generate_messages_lisp
[ 39%] Built target kobuki_msgs_generate_messages_nodejs
[ 59%] Built target kobuki_msgs_generate_messages_eus
[ 79%] Built target kobuki_msgs_generate_messages_cpp
[100%] Built target kobuki_msgs_generate_messages_py
[100%] Built target kobuki_msgs_generate_messages
