[35m[1mScanning dependencies of target _kobuki_msgs_generate_messages_check_deps_ScanAngle[0m
[  0%] Built target _kobuki_msgs_generate_messages_check_deps_ScanAngle
[35m[1mScanning dependencies of target _kobuki_msgs_generate_messages_check_deps_AutoDockingActionFeedback[0m
[  0%] Built target _kobuki_msgs_generate_messages_check_deps_AutoDockingActionFeedback
[35m[1mScanning dependencies of target _kobuki_msgs_generate_messages_check_deps_ExternalPower[0m
[  0%] Built target _kobuki_msgs_generate_messages_check_deps_ExternalPower
[35m[1mScanning dependencies of target _kobuki_msgs_generate_messages_check_deps_Led[0m
[  0%] Built target _kobuki_msgs_generate_messages_check_deps_Led
[35m[1mScanning dependencies of target _kobuki_msgs_generate_messages_check_deps_Sound[0m
[  0%] Built target _kobuki_msgs_generate_messages_check_deps_Sound
[35m[1mScanning dependencies of target actionlib_msgs_generate_messages_lisp[0m
[  0%] Built target actionlib_msgs_generate_messages_lisp
[35m[1mScanning dependencies of target _kobuki_msgs_generate_messages_check_deps_DigitalInputEvent[0m
[  0%] Built target _kobuki_msgs_generate_messages_check_deps_DigitalInputEvent
[35m[1mScanning dependencies of target _kobuki_msgs_generate_messages_check_deps_DigitalOutput[0m
[  0%] Built target _kobuki_msgs_generate_messages_check_deps_DigitalOutput
[35m[1mScanning dependencies of target _kobuki_msgs_generate_messages_check_deps_BumperEvent[0m
[  0%] Built target _kobuki_msgs_generate_messages_check_deps_BumperEvent
[35m[1mScanning dependencies of target _kobuki_msgs_generate_messages_check_deps_ControllerInfo[0m
[  0%] Built target _kobuki_msgs_generate_messages_check_deps_ControllerInfo
[35m[1mScanning dependencies of target std_msgs_generate_messages_lisp[0m
[  0%] Built target std_msgs_generate_messages_lisp
[35m[1mScanning dependencies of target _kobuki_msgs_generate_messages_check_deps_WheelDropEvent[0m
[  0%] Built target _kobuki_msgs_generate_messages_check_deps_WheelDropEvent
[35m[1mScanning dependencies of target _kobuki_msgs_generate_messages_check_deps_AutoDockingFeedback[0m
[  0%] Built target _kobuki_msgs_generate_messages_check_deps_AutoDockingFeedback
[35m[1mScanning dependencies of target _kobuki_msgs_generate_messages_check_deps_AutoDockingAction[0m
[  0%] Built target _kobuki_msgs_generate_messages_check_deps_AutoDockingAction
[35m[1mScanning dependencies of target _kobuki_msgs_generate_messages_check_deps_CliffEvent[0m
[  0%] Built target _kobuki_msgs_generate_messages_check_deps_CliffEvent
[35m[1mScanning dependencies of target _kobuki_msgs_generate_messages_check_deps_RobotStateEvent[0m
[  0%] Built target _kobuki_msgs_generate_messages_check_deps_RobotStateEvent
[35m[1mScanning dependencies of target _kobuki_msgs_generate_messages_check_deps_MotorPower[0m
[  0%] Built target _kobuki_msgs_generate_messages_check_deps_MotorPower
[35m[1mScanning dependencies of target _kobuki_msgs_generate_messages_check_deps_VersionInfo[0m
[  0%] Built target _kobuki_msgs_generate_messages_check_deps_VersionInfo
[35m[1mScanning dependencies of target _kobuki_msgs_generate_messages_check_deps_AutoDockingGoal[0m
[  0%] Built target _kobuki_msgs_generate_messages_check_deps_AutoDockingGoal
[35m[1mScanning dependencies of target _kobuki_msgs_generate_messages_check_deps_SensorState[0m
[  0%] Built target _kobuki_msgs_generate_messages_check_deps_SensorState
[35m[1mScanning dependencies of target _kobuki_msgs_generate_messages_check_deps_DockInfraRed[0m
[  0%] Built target _kobuki_msgs_generate_messages_check_deps_DockInfraRed
[35m[1mScanning dependencies of target _kobuki_msgs_generate_messages_check_deps_AutoDockingActionResult[0m
[  0%] Built target _kobuki_msgs_generate_messages_check_deps_AutoDockingActionResult
[35m[1mScanning dependencies of target _kobuki_msgs_generate_messages_check_deps_ButtonEvent[0m
[  0%] Built target _kobuki_msgs_generate_messages_check_deps_ButtonEvent
[35m[1mScanning dependencies of target _kobuki_msgs_generate_messages_check_deps_KeyboardInput[0m
[  0%] Built target _kobuki_msgs_generate_messages_check_deps_KeyboardInput
[35m[1mScanning dependencies of target _kobuki_msgs_generate_messages_check_deps_AutoDockingResult[0m
[  0%] Built target _kobuki_msgs_generate_messages_check_deps_AutoDockingResult
[35m[1mScanning dependencies of target _kobuki_msgs_generate_messages_check_deps_AutoDockingActionGoal[0m
[  0%] Built target _kobuki_msgs_generate_messages_check_deps_AutoDockingActionGoal
[35m[1mScanning dependencies of target _kobuki_msgs_generate_messages_check_deps_PowerSystemEvent[0m
[  0%] Built target _kobuki_msgs_generate_messages_check_deps_PowerSystemEvent
[35m[1mScanning dependencies of target std_msgs_generate_messages_nodejs[0m
[  0%] Built target std_msgs_generate_messages_nodejs
[35m[1mScanning dependencies of target actionlib_msgs_generate_messages_nodejs[0m
[  0%] Built target actionlib_msgs_generate_messages_nodejs
[35m[1mScanning dependencies of target std_msgs_generate_messages_eus[0m
[  0%] Built target std_msgs_generate_messages_eus
[35m[1mScanning dependencies of target actionlib_msgs_generate_messages_eus[0m
[  0%] Built target actionlib_msgs_generate_messages_eus
[35m[1mScanning dependencies of target actionlib_msgs_generate_messages_cpp[0m
[  0%] Built target actionlib_msgs_generate_messages_cpp
[35m[1mScanning dependencies of target std_msgs_generate_messages_cpp[0m
[  0%] Built target std_msgs_generate_messages_cpp
[35m[1mScanning dependencies of target actionlib_msgs_generate_messages_py[0m
[  0%] Built target actionlib_msgs_generate_messages_py
[35m[1mScanning dependencies of target std_msgs_generate_messages_py[0m
[  0%] Built target std_msgs_generate_messages_py
[35m[1mScanning dependencies of target kobuki_msgs_generate_messages_lisp[0m
[  1%] [34m[1mGenerating Lisp code from kobuki_msgs/MotorPower.msg[0m
[  2%] [34m[1mGenerating Lisp code from kobuki_msgs/DockInfraRed.msg[0m
[  3%] [34m[1mGenerating Lisp code from kobuki_msgs/DigitalInputEvent.msg[0m
[  3%] [34m[1mGenerating Lisp code from kobuki_msgs/RobotStateEvent.msg[0m
[  4%] [34m[1mGenerating Lisp code from kobuki_msgs/VersionInfo.msg[0m
[  5%] [34m[1mGenerating Lisp code from kobuki_msgs/AutoDockingFeedback.msg[0m
[  6%] [34m[1mGenerating Lisp code from kobuki_msgs/BumperEvent.msg[0m
[  6%] [34m[1mGenerating Lisp code from kobuki_msgs/DigitalOutput.msg[0m
[  7%] [34m[1mGenerating Lisp code from kobuki_msgs/AutoDockingGoal.msg[0m
[  8%] [34m[1mGenerating Lisp code from kobuki_msgs/AutoDockingAction.msg[0m
[  8%] [34m[1mGenerating Lisp code from kobuki_msgs/SensorState.msg[0m
[  9%] [34m[1mGenerating Lisp code from kobuki_msgs/ControllerInfo.msg[0m
[ 10%] [34m[1mGenerating Lisp code from kobuki_msgs/AutoDockingActionResult.msg[0m
[ 11%] [34m[1mGenerating Lisp code from kobuki_msgs/ButtonEvent.msg[0m
[ 11%] [34m[1mGenerating Lisp code from kobuki_msgs/WheelDropEvent.msg[0m
[ 12%] [34m[1mGenerating Lisp code from kobuki_msgs/AutoDockingResult.msg[0m
[ 13%] [34m[1mGenerating Lisp code from kobuki_msgs/AutoDockingActionGoal.msg[0m
[ 13%] [34m[1mGenerating Lisp code from kobuki_msgs/ScanAngle.msg[0m
[ 15%] [34m[1mGenerating Lisp code from kobuki_msgs/KeyboardInput.msg[0m
[ 16%] [34m[1mGenerating Lisp code from kobuki_msgs/CliffEvent.msg[0m
[35m[1mScanning dependencies of target kobuki_msgs_generate_messages_nodejs[0m
[ 17%] [34m[1mGenerating Lisp code from kobuki_msgs/Sound.msg[0m
[ 17%] [34m[1mGenerating Javascript code from kobuki_msgs/MotorPower.msg[0m
[ 18%] [34m[1mGenerating Lisp code from kobuki_msgs/Led.msg[0m
[ 18%] [34m[1mGenerating Javascript code from kobuki_msgs/DockInfraRed.msg[0m
[ 19%] [34m[1mGenerating Javascript code from kobuki_msgs/DigitalInputEvent.msg[0m
[ 20%] [34m[1mGenerating Lisp code from kobuki_msgs/ExternalPower.msg[0m
[ 20%] [34m[1mGenerating Javascript code from kobuki_msgs/RobotStateEvent.msg[0m
[ 21%] [34m[1mGenerating Lisp code from kobuki_msgs/PowerSystemEvent.msg[0m
[ 22%] [34m[1mGenerating Javascript code from kobuki_msgs/VersionInfo.msg[0m
[ 23%] [34m[1mGenerating Lisp code from kobuki_msgs/AutoDockingActionFeedback.msg[0m
[ 23%] Built target kobuki_msgs_generate_messages_lisp
[ 24%] [34m[1mGenerating Javascript code from kobuki_msgs/AutoDockingFeedback.msg[0m
[35m[1mScanning dependencies of target kobuki_msgs_generate_messages_eus[0m
[ 24%] [34m[1mGenerating EusLisp code from kobuki_msgs/MotorPower.msg[0m
[ 25%] [34m[1mGenerating Javascript code from kobuki_msgs/BumperEvent.msg[0m
[ 26%] [34m[1mGenerating EusLisp code from kobuki_msgs/DockInfraRed.msg[0m
[ 26%] [34m[1mGenerating Javascript code from kobuki_msgs/DigitalOutput.msg[0m
[ 27%] [34m[1mGenerating Javascript code from kobuki_msgs/AutoDockingGoal.msg[0m
[ 29%] [34m[1mGenerating EusLisp code from kobuki_msgs/DigitalInputEvent.msg[0m
[ 30%] [34m[1mGenerating Javascript code from kobuki_msgs/AutoDockingAction.msg[0m
[ 30%] [34m[1mGenerating EusLisp code from kobuki_msgs/RobotStateEvent.msg[0m
[ 31%] [34m[1mGenerating Javascript code from kobuki_msgs/SensorState.msg[0m
[ 32%] [34m[1mGenerating EusLisp code from kobuki_msgs/VersionInfo.msg[0m
[ 32%] [34m[1mGenerating Javascript code from kobuki_msgs/ControllerInfo.msg[0m
[35m[1mScanning dependencies of target kobuki_msgs_generate_messages_cpp[0m
[ 33%] [34m[1mGenerating C++ code from kobuki_msgs/MotorPower.msg[0m
[ 34%] [34m[1mGenerating Javascript code from kobuki_msgs/AutoDockingActionResult.msg[0m
[ 35%] [34m[1mGenerating EusLisp code from kobuki_msgs/AutoDockingFeedback.msg[0m
[ 36%] [34m[1mGenerating Javascript code from kobuki_msgs/ButtonEvent.msg[0m
[ 37%] [34m[1mGenerating EusLisp code from kobuki_msgs/BumperEvent.msg[0m
[ 37%] [34m[1mGenerating Javascript code from kobuki_msgs/WheelDropEvent.msg[0m
[ 38%] [34m[1mGenerating C++ code from kobuki_msgs/DockInfraRed.msg[0m
[ 39%] [34m[1mGenerating Javascript code from kobuki_msgs/AutoDockingResult.msg[0m
[ 39%] [34m[1mGenerating EusLisp code from kobuki_msgs/DigitalOutput.msg[0m
[ 40%] [34m[1mGenerating Javascript code from kobuki_msgs/AutoDockingActionGoal.msg[0m
[ 41%] [34m[1mGenerating Javascript code from kobuki_msgs/ScanAngle.msg[0m
[ 43%] [34m[1mGenerating EusLisp code from kobuki_msgs/AutoDockingGoal.msg[0m
[ 44%] [34m[1mGenerating C++ code from kobuki_msgs/DigitalInputEvent.msg[0m
[ 45%] [34m[1mGenerating EusLisp code from kobuki_msgs/AutoDockingAction.msg[0m
[ 45%] [34m[1mGenerating Javascript code from kobuki_msgs/KeyboardInput.msg[0m
[ 46%] [34m[1mGenerating Javascript code from kobuki_msgs/CliffEvent.msg[0m
[ 47%] [34m[1mGenerating EusLisp code from kobuki_msgs/SensorState.msg[0m
[ 48%] [34m[1mGenerating Javascript code from kobuki_msgs/Sound.msg[0m
[ 48%] [34m[1mGenerating C++ code from kobuki_msgs/RobotStateEvent.msg[0m
[ 48%] [34m[1mGenerating Javascript code from kobuki_msgs/Led.msg[0m
[ 48%] [34m[1mGenerating EusLisp code from kobuki_msgs/ControllerInfo.msg[0m
[ 49%] [34m[1mGenerating EusLisp code from kobuki_msgs/AutoDockingActionResult.msg[0m
[ 50%] [34m[1mGenerating Javascript code from kobuki_msgs/ExternalPower.msg[0m
[ 51%] [34m[1mGenerating C++ code from kobuki_msgs/VersionInfo.msg[0m
[ 52%] [34m[1mGenerating Javascript code from kobuki_msgs/PowerSystemEvent.msg[0m
[ 53%] [34m[1mGenerating EusLisp code from kobuki_msgs/ButtonEvent.msg[0m
[ 54%] [34m[1mGenerating Javascript code from kobuki_msgs/AutoDockingActionFeedback.msg[0m
[ 54%] [34m[1mGenerating EusLisp code from kobuki_msgs/WheelDropEvent.msg[0m
[ 54%] Built target kobuki_msgs_generate_messages_nodejs
[35m[1mScanning dependencies of target kobuki_msgs_generate_messages_py[0m
[ 54%] [34m[1mGenerating Python from MSG kobuki_msgs/MotorPower[0m
[ 55%] [34m[1mGenerating C++ code from kobuki_msgs/AutoDockingFeedback.msg[0m
[ 56%] [34m[1mGenerating EusLisp code from kobuki_msgs/AutoDockingResult.msg[0m
[ 58%] [34m[1mGenerating EusLisp code from kobuki_msgs/AutoDockingActionGoal.msg[0m
[ 59%] [34m[1mGenerating Python from MSG kobuki_msgs/DockInfraRed[0m
[ 60%] [34m[1mGenerating EusLisp code from kobuki_msgs/ScanAngle.msg[0m
[ 61%] [34m[1mGenerating C++ code from kobuki_msgs/BumperEvent.msg[0m
[ 62%] [34m[1mGenerating Python from MSG kobuki_msgs/DigitalInputEvent[0m
[ 62%] [34m[1mGenerating EusLisp code from kobuki_msgs/KeyboardInput.msg[0m
[ 63%] [34m[1mGenerating Python from MSG kobuki_msgs/RobotStateEvent[0m
[ 64%] [34m[1mGenerating EusLisp code from kobuki_msgs/CliffEvent.msg[0m
[ 64%] [34m[1mGenerating C++ code from kobuki_msgs/DigitalOutput.msg[0m
[ 64%] [34m[1mGenerating Python from MSG kobuki_msgs/VersionInfo[0m
[ 65%] [34m[1mGenerating EusLisp code from kobuki_msgs/Sound.msg[0m
[ 66%] [34m[1mGenerating EusLisp code from kobuki_msgs/Led.msg[0m
[ 67%] [34m[1mGenerating Python from MSG kobuki_msgs/AutoDockingFeedback[0m
[ 68%] [34m[1mGenerating C++ code from kobuki_msgs/AutoDockingGoal.msg[0m
[ 68%] [34m[1mGenerating EusLisp code from kobuki_msgs/ExternalPower.msg[0m
[ 69%] [34m[1mGenerating Python from MSG kobuki_msgs/BumperEvent[0m
[ 70%] [34m[1mGenerating EusLisp code from kobuki_msgs/PowerSystemEvent.msg[0m
[ 72%] [34m[1mGenerating C++ code from kobuki_msgs/AutoDockingAction.msg[0m
[ 73%] [34m[1mGenerating EusLisp code from kobuki_msgs/AutoDockingActionFeedback.msg[0m
[ 73%] [34m[1mGenerating Python from MSG kobuki_msgs/DigitalOutput[0m
[ 73%] [34m[1mGenerating EusLisp manifest code for kobuki_msgs[0m
[ 74%] [34m[1mGenerating Python from MSG kobuki_msgs/AutoDockingGoal[0m
[ 74%] [34m[1mGenerating C++ code from kobuki_msgs/SensorState.msg[0m
[ 75%] [34m[1mGenerating Python from MSG kobuki_msgs/AutoDockingAction[0m
[ 76%] [34m[1mGenerating C++ code from kobuki_msgs/ControllerInfo.msg[0m
[ 77%] [34m[1mGenerating Python from MSG kobuki_msgs/SensorState[0m
[ 78%] [34m[1mGenerating C++ code from kobuki_msgs/AutoDockingActionResult.msg[0m
[ 78%] [34m[1mGenerating Python from MSG kobuki_msgs/ControllerInfo[0m
[ 79%] [34m[1mGenerating Python from MSG kobuki_msgs/AutoDockingActionResult[0m
[ 80%] [34m[1mGenerating C++ code from kobuki_msgs/ButtonEvent.msg[0m
[ 81%] [34m[1mGenerating Python from MSG kobuki_msgs/ButtonEvent[0m
[ 81%] [34m[1mGenerating C++ code from kobuki_msgs/WheelDropEvent.msg[0m
[ 82%] [34m[1mGenerating Python from MSG kobuki_msgs/WheelDropEvent[0m
[ 82%] [34m[1mGenerating Python from MSG kobuki_msgs/AutoDockingResult[0m
[ 83%] [34m[1mGenerating C++ code from kobuki_msgs/AutoDockingResult.msg[0m
[ 84%] [34m[1mGenerating Python from MSG kobuki_msgs/AutoDockingActionGoal[0m
[ 86%] [34m[1mGenerating C++ code from kobuki_msgs/AutoDockingActionGoal.msg[0m
[ 87%] [34m[1mGenerating Python from MSG kobuki_msgs/ScanAngle[0m
[ 87%] [34m[1mGenerating Python from MSG kobuki_msgs/KeyboardInput[0m
[ 88%] [34m[1mGenerating C++ code from kobuki_msgs/ScanAngle.msg[0m
[ 89%] [34m[1mGenerating Python from MSG kobuki_msgs/CliffEvent[0m
[ 89%] [34m[1mGenerating C++ code from kobuki_msgs/KeyboardInput.msg[0m
[ 90%] [34m[1mGenerating Python from MSG kobuki_msgs/Sound[0m
[ 90%] Built target kobuki_msgs_generate_messages_eus
[ 91%] [34m[1mGenerating Python from MSG kobuki_msgs/Led[0m
[ 92%] [34m[1mGenerating C++ code from kobuki_msgs/CliffEvent.msg[0m
[ 92%] [34m[1mGenerating Python from MSG kobuki_msgs/ExternalPower[0m
[ 93%] [34m[1mGenerating C++ code from kobuki_msgs/Sound.msg[0m
[ 94%] [34m[1mGenerating Python from MSG kobuki_msgs/PowerSystemEvent[0m
[ 95%] [34m[1mGenerating Python from MSG kobuki_msgs/AutoDockingActionFeedback[0m
[ 95%] [34m[1mGenerating C++ code from kobuki_msgs/Led.msg[0m
[ 96%] [34m[1mGenerating Python msg __init__.py for kobuki_msgs[0m
[ 97%] [34m[1mGenerating C++ code from kobuki_msgs/ExternalPower.msg[0m
[ 97%] Built target kobuki_msgs_generate_messages_py
[ 98%] [34m[1mGenerating C++ code from kobuki_msgs/PowerSystemEvent.msg[0m
[100%] [34m[1mGenerating C++ code from kobuki_msgs/AutoDockingActionFeedback.msg[0m
[100%] Built target kobuki_msgs_generate_messages_cpp
[35m[1mScanning dependencies of target kobuki_msgs_generate_messages[0m
[100%] Built target kobuki_msgs_generate_messages
