In file included from [01m[K/home/comp2/simulation_ws/src/kobuki/kobuki_node/include/kobuki_node/kobuki_ros.hpp:74:0[m[K,
                 from [01m[K/home/comp2/simulation_ws/src/kobuki/kobuki_node/src/library/kobuki_ros.cpp:43[m[K:
[01m[K/home/comp2/kobuki/src/kobuki_core/kobuki_driver/include/kobuki_driver/kobuki.hpp:96:37:[m[K [01;35m[Kwarning: [m[Kdynamic exception specifications are deprecated in C++11 [[01;35m[K-Wdeprecated[m[K]
   void init(Parameters &parameters) [01;35m[Kthrow[m[K (ecl::StandardException);
                                     [01;35m[K^~~~~[m[K
In file included from [01m[K/home/comp2/simulation_ws/src/kobuki/kobuki_node/include/kobuki_node/kobuki_ros.hpp:74:0[m[K,
                 from [01m[K/home/comp2/simulation_ws/src/kobuki/kobuki_node/src/library/slot_callbacks.cpp:40[m[K:
[01m[K/home/comp2/kobuki/src/kobuki_core/kobuki_driver/include/kobuki_driver/kobuki.hpp:96:37:[m[K [01;35m[Kwarning: [m[Kdynamic exception specifications are deprecated in C++11 [[01;35m[K-Wdeprecated[m[K]
   void init(Parameters &parameters) [01;35m[Kthrow[m[K (ecl::StandardException);
                                     [01;35m[K^~~~~[m[K
In file included from [01m[K/home/comp2/simulation_ws/src/kobuki/kobuki_node/src/library/../../include/kobuki_node/kobuki_ros.hpp:74:0[m[K,
                 from [01m[K/home/comp2/simulation_ws/src/kobuki/kobuki_node/src/library/subscriber_callbacks.cpp:40[m[K:
[01m[K/home/comp2/kobuki/src/kobuki_core/kobuki_driver/include/kobuki_driver/kobuki.hpp:96:37:[m[K [01;35m[Kwarning: [m[Kdynamic exception specifications are deprecated in C++11 [[01;35m[K-Wdeprecated[m[K]
   void init(Parameters &parameters) [01;35m[Kthrow[m[K (ecl::StandardException);
                                     [01;35m[K^~~~~[m[K
In file included from [01m[K/home/comp2/simulation_ws/src/kobuki/kobuki_node/include/kobuki_node/kobuki_ros.hpp:74:0[m[K,
                 from [01m[K/home/comp2/simulation_ws/src/kobuki/kobuki_node/src/nodelet/kobuki_nodelet.cpp:42[m[K:
[01m[K/home/comp2/kobuki/src/kobuki_core/kobuki_driver/include/kobuki_driver/kobuki.hpp:96:37:[m[K [01;35m[Kwarning: [m[Kdynamic exception specifications are deprecated in C++11 [[01;35m[K-Wdeprecated[m[K]
   void init(Parameters &parameters) [01;35m[Kthrow[m[K (ecl::StandardException);
                                     [01;35m[K^~~~~[m[K
