Determining if the pthread_create exist failed with the following output:
Change Dir: /home/comp2/simulation_ws/build/my_simulations/CMakeFiles/CMakeTmp

Run Build Command:"/usr/bin/make" "cmTC_97485/fast"
/usr/bin/make -f CMakeFiles/cmTC_97485.dir/build.make CMakeFiles/cmTC_97485.dir/build
make[1]: Entering directory '/home/comp2/simulation_ws/build/my_simulations/CMakeFiles/CMakeTmp'
Building C object CMakeFiles/cmTC_97485.dir/CheckSymbolExists.c.o
/usr/bin/cc    -o CMakeFiles/cmTC_97485.dir/CheckSymbolExists.c.o   -c /home/comp2/simulation_ws/build/my_simulations/CMakeFiles/CMakeTmp/CheckSymbolExists.c
Linking C executable cmTC_97485
/usr/bin/cmake -E cmake_link_script CMakeFiles/cmTC_97485.dir/link.txt --verbose=1
/usr/bin/cc      -rdynamic CMakeFiles/cmTC_97485.dir/CheckSymbolExists.c.o  -o cmTC_97485 
CMakeFiles/cmTC_97485.dir/CheckSymbolExists.c.o: In function `main':
CheckSymbolExists.c:(.text+0x1b): undefined reference to `pthread_create'
collect2: error: ld returned 1 exit status
CMakeFiles/cmTC_97485.dir/build.make:97: recipe for target 'cmTC_97485' failed
make[1]: *** [cmTC_97485] Error 1
make[1]: Leaving directory '/home/comp2/simulation_ws/build/my_simulations/CMakeFiles/CMakeTmp'
Makefile:126: recipe for target 'cmTC_97485/fast' failed
make: *** [cmTC_97485/fast] Error 2

File /home/comp2/simulation_ws/build/my_simulations/CMakeFiles/CMakeTmp/CheckSymbolExists.c:
/* */
#include <pthread.h>

int main(int argc, char** argv)
{
  (void)argv;
#ifndef pthread_create
  return ((int*)(&pthread_create))[argc];
#else
  (void)argc;
  return 0;
#endif
}

Determining if the function pthread_create exists in the pthreads failed with the following output:
Change Dir: /home/comp2/simulation_ws/build/my_simulations/CMakeFiles/CMakeTmp

Run Build Command:"/usr/bin/make" "cmTC_30ecd/fast"
/usr/bin/make -f CMakeFiles/cmTC_30ecd.dir/build.make CMakeFiles/cmTC_30ecd.dir/build
make[1]: Entering directory '/home/comp2/simulation_ws/build/my_simulations/CMakeFiles/CMakeTmp'
Building C object CMakeFiles/cmTC_30ecd.dir/CheckFunctionExists.c.o
/usr/bin/cc   -DCHECK_FUNCTION_EXISTS=pthread_create   -o CMakeFiles/cmTC_30ecd.dir/CheckFunctionExists.c.o   -c /usr/share/cmake-3.10/Modules/CheckFunctionExists.c
Linking C executable cmTC_30ecd
/usr/bin/cmake -E cmake_link_script CMakeFiles/cmTC_30ecd.dir/link.txt --verbose=1
/usr/bin/cc  -DCHECK_FUNCTION_EXISTS=pthread_create    -rdynamic CMakeFiles/cmTC_30ecd.dir/CheckFunctionExists.c.o  -o cmTC_30ecd -lpthreads 
/usr/bin/ld: cannot find -lpthreads
collect2: error: ld returned 1 exit status
CMakeFiles/cmTC_30ecd.dir/build.make:97: recipe for target 'cmTC_30ecd' failed
make[1]: *** [cmTC_30ecd] Error 1
make[1]: Leaving directory '/home/comp2/simulation_ws/build/my_simulations/CMakeFiles/CMakeTmp'
Makefile:126: recipe for target 'cmTC_30ecd/fast' failed
make: *** [cmTC_30ecd/fast] Error 2


