[  0%] Built target nav_msgs_generate_messages_cpp
[  0%] Built target _final_project_generate_messages_check_deps_Trajectory
[  0%] Built target _final_project_generate_messages_check_deps_AprilTag
[  0%] Built target _final_project_generate_messages_check_deps_Centroid
[  0%] Built target std_msgs_generate_messages_cpp
[  0%] Built target geometry_msgs_generate_messages_cpp
[  0%] Built target geometry_msgs_generate_messages_py
[  0%] Built target std_msgs_generate_messages_py
[  0%] Built target nav_msgs_generate_messages_py
[  0%] Built target std_msgs_generate_messages_nodejs
[  0%] Built target geometry_msgs_generate_messages_nodejs
[  0%] Built target nav_msgs_generate_messages_nodejs
[  0%] Built target nav_msgs_generate_messages_eus
[  0%] Built target std_msgs_generate_messages_eus
[  0%] Built target geometry_msgs_generate_messages_eus
[  0%] Built target geometry_msgs_generate_messages_lisp
[  0%] Built target nav_msgs_generate_messages_lisp
[  0%] Built target std_msgs_generate_messages_lisp
[ 16%] Built target final_project_generate_messages_cpp
[ 44%] Built target final_project_generate_messages_py
[ 61%] Built target final_project_generate_messages_nodejs
[ 83%] Built target final_project_generate_messages_eus
[100%] Built target final_project_generate_messages_lisp
[100%] Built target final_project_generate_messages
