Symlinking /home/comp2/simulation_ws/devel/include/final_project/TrajectoryResponse.h
Symlinking /home/comp2/simulation_ws/devel/include/final_project/AprilTag.h
Symlinking /home/comp2/simulation_ws/devel/include/final_project/CentroidRequest.h
Symlinking /home/comp2/simulation_ws/devel/include/final_project/Trajectory.h
Symlinking /home/comp2/simulation_ws/devel/include/final_project/Centroid.h
Symlinking /home/comp2/simulation_ws/devel/include/final_project/CentroidResponse.h
Symlinking /home/comp2/simulation_ws/devel/include/final_project/TrajectoryRequest.h
Symlinking /home/comp2/simulation_ws/devel/lib/python2.7/dist-packages/final_project/__init__.py
Symlinking /home/comp2/simulation_ws/devel/lib/python2.7/dist-packages/final_project/srv/_Trajectory.py
Symlinking /home/comp2/simulation_ws/devel/lib/python2.7/dist-packages/final_project/srv/__init__.py
Symlinking /home/comp2/simulation_ws/devel/lib/python2.7/dist-packages/final_project/srv/_Centroid.py
Symlinking /home/comp2/simulation_ws/devel/lib/python2.7/dist-packages/final_project/msg/__init__.py
Symlinking /home/comp2/simulation_ws/devel/lib/python2.7/dist-packages/final_project/msg/_AprilTag.py
Symlinking /home/comp2/simulation_ws/devel/lib/pkgconfig/final_project.pc
Symlinking /home/comp2/simulation_ws/devel/share/gennodejs/ros/final_project/_index.js
Symlinking /home/comp2/simulation_ws/devel/share/gennodejs/ros/final_project/srv/_index.js
Symlinking /home/comp2/simulation_ws/devel/share/gennodejs/ros/final_project/srv/Centroid.js
Symlinking /home/comp2/simulation_ws/devel/share/gennodejs/ros/final_project/srv/Trajectory.js
Symlinking /home/comp2/simulation_ws/devel/share/gennodejs/ros/final_project/msg/AprilTag.js
Symlinking /home/comp2/simulation_ws/devel/share/gennodejs/ros/final_project/msg/_index.js
Symlinking /home/comp2/simulation_ws/devel/share/final_project/cmake/final_project-msg-extras.cmake
Symlinking /home/comp2/simulation_ws/devel/share/final_project/cmake/final_projectConfig.cmake
Symlinking /home/comp2/simulation_ws/devel/share/final_project/cmake/final_projectConfig-version.cmake
Symlinking /home/comp2/simulation_ws/devel/share/final_project/cmake/final_project-msg-paths.cmake
Symlinking /home/comp2/simulation_ws/devel/share/roseus/ros/final_project/manifest.l
Symlinking /home/comp2/simulation_ws/devel/share/roseus/ros/final_project/srv/Centroid.l
Symlinking /home/comp2/simulation_ws/devel/share/roseus/ros/final_project/srv/Trajectory.l
Symlinking /home/comp2/simulation_ws/devel/share/roseus/ros/final_project/msg/AprilTag.l
Symlinking /home/comp2/simulation_ws/devel/share/common-lisp/ros/final_project/srv/Centroid.lisp
Symlinking /home/comp2/simulation_ws/devel/share/common-lisp/ros/final_project/srv/_package_Centroid.lisp
Symlinking /home/comp2/simulation_ws/devel/share/common-lisp/ros/final_project/srv/final_project-srv.asd
Symlinking /home/comp2/simulation_ws/devel/share/common-lisp/ros/final_project/srv/Trajectory.lisp
Symlinking /home/comp2/simulation_ws/devel/share/common-lisp/ros/final_project/srv/_package_Trajectory.lisp
Symlinking /home/comp2/simulation_ws/devel/share/common-lisp/ros/final_project/srv/_package.lisp
Symlinking /home/comp2/simulation_ws/devel/share/common-lisp/ros/final_project/msg/AprilTag.lisp
Symlinking /home/comp2/simulation_ws/devel/share/common-lisp/ros/final_project/msg/_package_AprilTag.lisp
Symlinking /home/comp2/simulation_ws/devel/share/common-lisp/ros/final_project/msg/final_project-msg.asd
Symlinking /home/comp2/simulation_ws/devel/share/common-lisp/ros/final_project/msg/_package.lisp
