Determining if the pthread_create exist failed with the following output:
Change Dir: /home/comp2/simulation_ws/build/turtlebot_rviz_launchers/CMakeFiles/CMakeTmp

Run Build Command:"/usr/bin/make" "cmTC_2afab/fast"
/usr/bin/make -f CMakeFiles/cmTC_2afab.dir/build.make CMakeFiles/cmTC_2afab.dir/build
make[1]: Entering directory '/home/comp2/simulation_ws/build/turtlebot_rviz_launchers/CMakeFiles/CMakeTmp'
Building C object CMakeFiles/cmTC_2afab.dir/CheckSymbolExists.c.o
/usr/bin/cc    -o CMakeFiles/cmTC_2afab.dir/CheckSymbolExists.c.o   -c /home/comp2/simulation_ws/build/turtlebot_rviz_launchers/CMakeFiles/CMakeTmp/CheckSymbolExists.c
Linking C executable cmTC_2afab
/usr/bin/cmake -E cmake_link_script CMakeFiles/cmTC_2afab.dir/link.txt --verbose=1
/usr/bin/cc      -rdynamic CMakeFiles/cmTC_2afab.dir/CheckSymbolExists.c.o  -o cmTC_2afab 
CMakeFiles/cmTC_2afab.dir/CheckSymbolExists.c.o: In function `main':
CheckSymbolExists.c:(.text+0x1b): undefined reference to `pthread_create'
collect2: error: ld returned 1 exit status
CMakeFiles/cmTC_2afab.dir/build.make:97: recipe for target 'cmTC_2afab' failed
make[1]: *** [cmTC_2afab] Error 1
make[1]: Leaving directory '/home/comp2/simulation_ws/build/turtlebot_rviz_launchers/CMakeFiles/CMakeTmp'
Makefile:126: recipe for target 'cmTC_2afab/fast' failed
make: *** [cmTC_2afab/fast] Error 2

File /home/comp2/simulation_ws/build/turtlebot_rviz_launchers/CMakeFiles/CMakeTmp/CheckSymbolExists.c:
/* */
#include <pthread.h>

int main(int argc, char** argv)
{
  (void)argv;
#ifndef pthread_create
  return ((int*)(&pthread_create))[argc];
#else
  (void)argc;
  return 0;
#endif
}

Determining if the function pthread_create exists in the pthreads failed with the following output:
Change Dir: /home/comp2/simulation_ws/build/turtlebot_rviz_launchers/CMakeFiles/CMakeTmp

Run Build Command:"/usr/bin/make" "cmTC_af8ba/fast"
/usr/bin/make -f CMakeFiles/cmTC_af8ba.dir/build.make CMakeFiles/cmTC_af8ba.dir/build
make[1]: Entering directory '/home/comp2/simulation_ws/build/turtlebot_rviz_launchers/CMakeFiles/CMakeTmp'
Building C object CMakeFiles/cmTC_af8ba.dir/CheckFunctionExists.c.o
/usr/bin/cc   -DCHECK_FUNCTION_EXISTS=pthread_create   -o CMakeFiles/cmTC_af8ba.dir/CheckFunctionExists.c.o   -c /usr/share/cmake-3.10/Modules/CheckFunctionExists.c
Linking C executable cmTC_af8ba
/usr/bin/cmake -E cmake_link_script CMakeFiles/cmTC_af8ba.dir/link.txt --verbose=1
/usr/bin/cc  -DCHECK_FUNCTION_EXISTS=pthread_create    -rdynamic CMakeFiles/cmTC_af8ba.dir/CheckFunctionExists.c.o  -o cmTC_af8ba -lpthreads 
/usr/bin/ld: cannot find -lpthreads
collect2: error: ld returned 1 exit status
CMakeFiles/cmTC_af8ba.dir/build.make:97: recipe for target 'cmTC_af8ba' failed
make[1]: *** [cmTC_af8ba] Error 1
make[1]: Leaving directory '/home/comp2/simulation_ws/build/turtlebot_rviz_launchers/CMakeFiles/CMakeTmp'
Makefile:126: recipe for target 'cmTC_af8ba/fast' failed
make: *** [cmTC_af8ba/fast] Error 2


