Determining if the pthread_create exist failed with the following output:
Change Dir: /home/comp2/simulation_ws/build/kobuki_safety_controller/CMakeFiles/CMakeTmp

Run Build Command:"/usr/bin/make" "cmTC_01ad8/fast"
/usr/bin/make -f CMakeFiles/cmTC_01ad8.dir/build.make CMakeFiles/cmTC_01ad8.dir/build
make[1]: Entering directory '/home/comp2/simulation_ws/build/kobuki_safety_controller/CMakeFiles/CMakeTmp'
Building C object CMakeFiles/cmTC_01ad8.dir/CheckSymbolExists.c.o
/usr/bin/cc    -o CMakeFiles/cmTC_01ad8.dir/CheckSymbolExists.c.o   -c /home/comp2/simulation_ws/build/kobuki_safety_controller/CMakeFiles/CMakeTmp/CheckSymbolExists.c
Linking C executable cmTC_01ad8
/usr/bin/cmake -E cmake_link_script CMakeFiles/cmTC_01ad8.dir/link.txt --verbose=1
/usr/bin/cc      -rdynamic CMakeFiles/cmTC_01ad8.dir/CheckSymbolExists.c.o  -o cmTC_01ad8 
CMakeFiles/cmTC_01ad8.dir/CheckSymbolExists.c.o: In function `main':
CheckSymbolExists.c:(.text+0x1b): undefined reference to `pthread_create'
collect2: error: ld returned 1 exit status
CMakeFiles/cmTC_01ad8.dir/build.make:97: recipe for target 'cmTC_01ad8' failed
make[1]: *** [cmTC_01ad8] Error 1
make[1]: Leaving directory '/home/comp2/simulation_ws/build/kobuki_safety_controller/CMakeFiles/CMakeTmp'
Makefile:126: recipe for target 'cmTC_01ad8/fast' failed
make: *** [cmTC_01ad8/fast] Error 2

File /home/comp2/simulation_ws/build/kobuki_safety_controller/CMakeFiles/CMakeTmp/CheckSymbolExists.c:
/* */
#include <pthread.h>

int main(int argc, char** argv)
{
  (void)argv;
#ifndef pthread_create
  return ((int*)(&pthread_create))[argc];
#else
  (void)argc;
  return 0;
#endif
}

Determining if the function pthread_create exists in the pthreads failed with the following output:
Change Dir: /home/comp2/simulation_ws/build/kobuki_safety_controller/CMakeFiles/CMakeTmp

Run Build Command:"/usr/bin/make" "cmTC_1f8bb/fast"
/usr/bin/make -f CMakeFiles/cmTC_1f8bb.dir/build.make CMakeFiles/cmTC_1f8bb.dir/build
make[1]: Entering directory '/home/comp2/simulation_ws/build/kobuki_safety_controller/CMakeFiles/CMakeTmp'
Building C object CMakeFiles/cmTC_1f8bb.dir/CheckFunctionExists.c.o
/usr/bin/cc   -DCHECK_FUNCTION_EXISTS=pthread_create   -o CMakeFiles/cmTC_1f8bb.dir/CheckFunctionExists.c.o   -c /usr/share/cmake-3.10/Modules/CheckFunctionExists.c
Linking C executable cmTC_1f8bb
/usr/bin/cmake -E cmake_link_script CMakeFiles/cmTC_1f8bb.dir/link.txt --verbose=1
/usr/bin/cc  -DCHECK_FUNCTION_EXISTS=pthread_create    -rdynamic CMakeFiles/cmTC_1f8bb.dir/CheckFunctionExists.c.o  -o cmTC_1f8bb -lpthreads 
/usr/bin/ld: cannot find -lpthreads
collect2: error: ld returned 1 exit status
CMakeFiles/cmTC_1f8bb.dir/build.make:97: recipe for target 'cmTC_1f8bb' failed
make[1]: *** [cmTC_1f8bb] Error 1
make[1]: Leaving directory '/home/comp2/simulation_ws/build/kobuki_safety_controller/CMakeFiles/CMakeTmp'
Makefile:126: recipe for target 'cmTC_1f8bb/fast' failed
make: *** [cmTC_1f8bb/fast] Error 2


