Determining if the pthread_create exist failed with the following output:
Change Dir: /home/comp2/simulation_ws/build/flexbe_widget/CMakeFiles/CMakeTmp

Run Build Command:"/usr/bin/make" "cmTC_b7f4c/fast"
/usr/bin/make -f CMakeFiles/cmTC_b7f4c.dir/build.make CMakeFiles/cmTC_b7f4c.dir/build
make[1]: Entering directory '/home/comp2/simulation_ws/build/flexbe_widget/CMakeFiles/CMakeTmp'
Building C object CMakeFiles/cmTC_b7f4c.dir/CheckSymbolExists.c.o
/usr/bin/cc    -o CMakeFiles/cmTC_b7f4c.dir/CheckSymbolExists.c.o   -c /home/comp2/simulation_ws/build/flexbe_widget/CMakeFiles/CMakeTmp/CheckSymbolExists.c
Linking C executable cmTC_b7f4c
/usr/bin/cmake -E cmake_link_script CMakeFiles/cmTC_b7f4c.dir/link.txt --verbose=1
/usr/bin/cc      -rdynamic CMakeFiles/cmTC_b7f4c.dir/CheckSymbolExists.c.o  -o cmTC_b7f4c 
CMakeFiles/cmTC_b7f4c.dir/CheckSymbolExists.c.o: In function `main':
CheckSymbolExists.c:(.text+0x1b): undefined reference to `pthread_create'
collect2: error: ld returned 1 exit status
CMakeFiles/cmTC_b7f4c.dir/build.make:97: recipe for target 'cmTC_b7f4c' failed
make[1]: *** [cmTC_b7f4c] Error 1
make[1]: Leaving directory '/home/comp2/simulation_ws/build/flexbe_widget/CMakeFiles/CMakeTmp'
Makefile:126: recipe for target 'cmTC_b7f4c/fast' failed
make: *** [cmTC_b7f4c/fast] Error 2

File /home/comp2/simulation_ws/build/flexbe_widget/CMakeFiles/CMakeTmp/CheckSymbolExists.c:
/* */
#include <pthread.h>

int main(int argc, char** argv)
{
  (void)argv;
#ifndef pthread_create
  return ((int*)(&pthread_create))[argc];
#else
  (void)argc;
  return 0;
#endif
}

Determining if the function pthread_create exists in the pthreads failed with the following output:
Change Dir: /home/comp2/simulation_ws/build/flexbe_widget/CMakeFiles/CMakeTmp

Run Build Command:"/usr/bin/make" "cmTC_2030e/fast"
/usr/bin/make -f CMakeFiles/cmTC_2030e.dir/build.make CMakeFiles/cmTC_2030e.dir/build
make[1]: Entering directory '/home/comp2/simulation_ws/build/flexbe_widget/CMakeFiles/CMakeTmp'
Building C object CMakeFiles/cmTC_2030e.dir/CheckFunctionExists.c.o
/usr/bin/cc   -DCHECK_FUNCTION_EXISTS=pthread_create   -o CMakeFiles/cmTC_2030e.dir/CheckFunctionExists.c.o   -c /usr/share/cmake-3.10/Modules/CheckFunctionExists.c
Linking C executable cmTC_2030e
/usr/bin/cmake -E cmake_link_script CMakeFiles/cmTC_2030e.dir/link.txt --verbose=1
/usr/bin/cc  -DCHECK_FUNCTION_EXISTS=pthread_create    -rdynamic CMakeFiles/cmTC_2030e.dir/CheckFunctionExists.c.o  -o cmTC_2030e -lpthreads 
/usr/bin/ld: cannot find -lpthreads
collect2: error: ld returned 1 exit status
CMakeFiles/cmTC_2030e.dir/build.make:97: recipe for target 'cmTC_2030e' failed
make[1]: *** [cmTC_2030e] Error 1
make[1]: Leaving directory '/home/comp2/simulation_ws/build/flexbe_widget/CMakeFiles/CMakeTmp'
Makefile:126: recipe for target 'cmTC_2030e/fast' failed
make: *** [cmTC_2030e/fast] Error 2


