[35m[1mScanning dependencies of target _flexbe_msgs_generate_messages_check_deps_Container[0m
[35m[1mScanning dependencies of target _flexbe_msgs_generate_messages_check_deps_BehaviorInputResult[0m
[  0%] Built target _flexbe_msgs_generate_messages_check_deps_Container
[35m[1mScanning dependencies of target _flexbe_msgs_generate_messages_check_deps_OutcomeCondition[0m
[  0%] Built target _flexbe_msgs_generate_messages_check_deps_BehaviorInputResult
[35m[1mScanning dependencies of target _flexbe_msgs_generate_messages_check_deps_BehaviorExecutionFeedback[0m
[  0%] Built target _flexbe_msgs_generate_messages_check_deps_OutcomeCondition
[35m[1mScanning dependencies of target _flexbe_msgs_generate_messages_check_deps_BehaviorSynthesisResult[0m
[  0%] Built target _flexbe_msgs_generate_messages_check_deps_BehaviorExecutionFeedback
[35m[1mScanning dependencies of target actionlib_msgs_generate_messages_py[0m
[  0%] Built target actionlib_msgs_generate_messages_py
[  0%] Built target _flexbe_msgs_generate_messages_check_deps_BehaviorSynthesisResult
[35m[1mScanning dependencies of target _flexbe_msgs_generate_messages_check_deps_BehaviorSynthesisAction[0m
[35m[1mScanning dependencies of target _flexbe_msgs_generate_messages_check_deps_BehaviorInputActionGoal[0m
[  0%] Built target _flexbe_msgs_generate_messages_check_deps_BehaviorSynthesisAction
[  0%] Built target _flexbe_msgs_generate_messages_check_deps_BehaviorInputActionGoal
[35m[1mScanning dependencies of target _flexbe_msgs_generate_messages_check_deps_ContainerStructure[0m
[  0%] Built target _flexbe_msgs_generate_messages_check_deps_ContainerStructure
[35m[1mScanning dependencies of target _flexbe_msgs_generate_messages_check_deps_SynthesisErrorCodes[0m
[  0%] Built target _flexbe_msgs_generate_messages_check_deps_SynthesisErrorCodes
[35m[1mScanning dependencies of target _flexbe_msgs_generate_messages_check_deps_StateInstantiation[0m
[  0%] Built target _flexbe_msgs_generate_messages_check_deps_StateInstantiation
[35m[1mScanning dependencies of target _flexbe_msgs_generate_messages_check_deps_BehaviorInputActionResult[0m
[  0%] Built target _flexbe_msgs_generate_messages_check_deps_BehaviorInputActionResult
[35m[1mScanning dependencies of target _flexbe_msgs_generate_messages_check_deps_BehaviorExecutionActionGoal[0m
[  0%] Built target _flexbe_msgs_generate_messages_check_deps_BehaviorExecutionActionGoal
[35m[1mScanning dependencies of target _flexbe_msgs_generate_messages_check_deps_BehaviorSynthesisActionGoal[0m
[  0%] Built target _flexbe_msgs_generate_messages_check_deps_BehaviorSynthesisActionGoal
[35m[1mScanning dependencies of target _flexbe_msgs_generate_messages_check_deps_BehaviorRequest[0m
[  0%] Built target _flexbe_msgs_generate_messages_check_deps_BehaviorRequest
[35m[1mScanning dependencies of target _flexbe_msgs_generate_messages_check_deps_BehaviorExecutionActionFeedback[0m
[  0%] Built target _flexbe_msgs_generate_messages_check_deps_BehaviorExecutionActionFeedback
[35m[1mScanning dependencies of target _flexbe_msgs_generate_messages_check_deps_BehaviorSync[0m
[  0%] Built target _flexbe_msgs_generate_messages_check_deps_BehaviorSync
[35m[1mScanning dependencies of target _flexbe_msgs_generate_messages_check_deps_BehaviorExecutionAction[0m
[  0%] Built target _flexbe_msgs_generate_messages_check_deps_BehaviorExecutionAction
[35m[1mScanning dependencies of target _flexbe_msgs_generate_messages_check_deps_BehaviorSynthesisGoal[0m
[  0%] Built target _flexbe_msgs_generate_messages_check_deps_BehaviorSynthesisGoal
[35m[1mScanning dependencies of target _flexbe_msgs_generate_messages_check_deps_BehaviorSynthesisActionResult[0m
[  0%] Built target _flexbe_msgs_generate_messages_check_deps_BehaviorSynthesisActionResult
[35m[1mScanning dependencies of target _flexbe_msgs_generate_messages_check_deps_BehaviorSelection[0m
[  0%] Built target _flexbe_msgs_generate_messages_check_deps_BehaviorSelection
[35m[1mScanning dependencies of target _flexbe_msgs_generate_messages_check_deps_BehaviorModification[0m
[  0%] Built target _flexbe_msgs_generate_messages_check_deps_BehaviorModification
[35m[1mScanning dependencies of target _flexbe_msgs_generate_messages_check_deps_OutcomeRequest[0m
[  0%] Built target _flexbe_msgs_generate_messages_check_deps_OutcomeRequest
[35m[1mScanning dependencies of target _flexbe_msgs_generate_messages_check_deps_BehaviorExecutionResult[0m
[  0%] Built target _flexbe_msgs_generate_messages_check_deps_BehaviorExecutionResult
[35m[1mScanning dependencies of target _flexbe_msgs_generate_messages_check_deps_BehaviorInputFeedback[0m
[35m[1mScanning dependencies of target _flexbe_msgs_generate_messages_check_deps_UICommand[0m
[  0%] Built target _flexbe_msgs_generate_messages_check_deps_BehaviorInputFeedback
[  0%] Built target _flexbe_msgs_generate_messages_check_deps_UICommand
[35m[1mScanning dependencies of target _flexbe_msgs_generate_messages_check_deps_BehaviorSynthesisFeedback[0m
[35m[1mScanning dependencies of target _flexbe_msgs_generate_messages_check_deps_BehaviorLog[0m
[  0%] Built target _flexbe_msgs_generate_messages_check_deps_BehaviorSynthesisFeedback
[35m[1mScanning dependencies of target _flexbe_msgs_generate_messages_check_deps_CommandFeedback[0m
[  0%] Built target _flexbe_msgs_generate_messages_check_deps_BehaviorLog
[35m[1mScanning dependencies of target _flexbe_msgs_generate_messages_check_deps_BehaviorExecutionGoal[0m
[  0%] Built target _flexbe_msgs_generate_messages_check_deps_CommandFeedback
[35m[1mScanning dependencies of target _flexbe_msgs_generate_messages_check_deps_BEStatus[0m
[  0%] Built target _flexbe_msgs_generate_messages_check_deps_BehaviorExecutionGoal
[35m[1mScanning dependencies of target _flexbe_msgs_generate_messages_check_deps_BehaviorInputGoal[0m
[  0%] Built target _flexbe_msgs_generate_messages_check_deps_BEStatus
[35m[1mScanning dependencies of target _flexbe_msgs_generate_messages_check_deps_BehaviorExecutionActionResult[0m
[  0%] Built target _flexbe_msgs_generate_messages_check_deps_BehaviorInputGoal
[35m[1mScanning dependencies of target _flexbe_msgs_generate_messages_check_deps_SynthesisRequest[0m
[  0%] Built target _flexbe_msgs_generate_messages_check_deps_BehaviorExecutionActionResult
[35m[1mScanning dependencies of target _flexbe_msgs_generate_messages_check_deps_BehaviorInputAction[0m
[  0%] Built target _flexbe_msgs_generate_messages_check_deps_SynthesisRequest
[35m[1mScanning dependencies of target _flexbe_msgs_generate_messages_check_deps_BehaviorInputActionFeedback[0m
[  0%] Built target _flexbe_msgs_generate_messages_check_deps_BehaviorInputAction
[35m[1mScanning dependencies of target _flexbe_msgs_generate_messages_check_deps_BehaviorSynthesisActionFeedback[0m
[  0%] Built target _flexbe_msgs_generate_messages_check_deps_BehaviorInputActionFeedback
[35m[1mScanning dependencies of target actionlib_msgs_generate_messages_lisp[0m
[  0%] Built target actionlib_msgs_generate_messages_lisp
[  0%] Built target _flexbe_msgs_generate_messages_check_deps_BehaviorSynthesisActionFeedback
[35m[1mScanning dependencies of target actionlib_msgs_generate_messages_nodejs[0m
[35m[1mScanning dependencies of target actionlib_msgs_generate_messages_eus[0m
[  0%] Built target actionlib_msgs_generate_messages_nodejs
[  0%] Built target actionlib_msgs_generate_messages_eus
[35m[1mScanning dependencies of target actionlib_msgs_generate_messages_cpp[0m
[35m[1mScanning dependencies of target flexbe_msgs_generate_messages_py[0m
[  0%] Built target actionlib_msgs_generate_messages_cpp
[35m[1mScanning dependencies of target flexbe_msgs_generate_messages_lisp[0m
[  0%] [34m[1mGenerating Python from MSG flexbe_msgs/BehaviorSynthesisResult[0m
[  1%] [34m[1mGenerating Lisp code from flexbe_msgs/BehaviorSynthesisResult.msg[0m
[  1%] [34m[1mGenerating Lisp code from flexbe_msgs/BehaviorExecutionFeedback.msg[0m
[  2%] [34m[1mGenerating Python from MSG flexbe_msgs/BehaviorExecutionFeedback[0m
[  3%] [34m[1mGenerating Lisp code from flexbe_msgs/OutcomeCondition.msg[0m
[  3%] [34m[1mGenerating Lisp code from flexbe_msgs/BehaviorInputResult.msg[0m
[  3%] [34m[1mGenerating Python from MSG flexbe_msgs/OutcomeCondition[0m
[  4%] [34m[1mGenerating Lisp code from flexbe_msgs/BehaviorRequest.msg[0m
[  4%] [34m[1mGenerating Lisp code from flexbe_msgs/SynthesisErrorCodes.msg[0m
[  5%] [34m[1mGenerating Python from MSG flexbe_msgs/BehaviorInputResult[0m
[  6%] [34m[1mGenerating Lisp code from flexbe_msgs/BehaviorExecutionActionFeedback.msg[0m
[  6%] [34m[1mGenerating Lisp code from flexbe_msgs/BehaviorExecutionAction.msg[0m
[  6%] [34m[1mGenerating Python from MSG flexbe_msgs/BehaviorRequest[0m
[  7%] [34m[1mGenerating Lisp code from flexbe_msgs/BehaviorSynthesisGoal.msg[0m
[  8%] [34m[1mGenerating Lisp code from flexbe_msgs/BehaviorSynthesisActionResult.msg[0m
[  9%] [34m[1mGenerating Python from MSG flexbe_msgs/SynthesisErrorCodes[0m
[  9%] [34m[1mGenerating Lisp code from flexbe_msgs/BehaviorSelection.msg[0m
[  9%] [34m[1mGenerating Python from MSG flexbe_msgs/BehaviorExecutionActionFeedback[0m
[ 10%] [34m[1mGenerating Lisp code from flexbe_msgs/OutcomeRequest.msg[0m
[ 11%] [34m[1mGenerating Python from MSG flexbe_msgs/BehaviorExecutionAction[0m
[ 11%] [34m[1mGenerating Lisp code from flexbe_msgs/SynthesisRequest.msg[0m
[ 12%] [34m[1mGenerating Lisp code from flexbe_msgs/BehaviorSynthesisAction.msg[0m
[ 12%] [34m[1mGenerating Python from MSG flexbe_msgs/BehaviorSynthesisGoal[0m
[ 12%] [34m[1mGenerating Lisp code from flexbe_msgs/ContainerStructure.msg[0m
[ 13%] [34m[1mGenerating Lisp code from flexbe_msgs/BehaviorSync.msg[0m
[ 14%] [34m[1mGenerating Python from MSG flexbe_msgs/BehaviorSynthesisActionResult[0m
[ 14%] [34m[1mGenerating Lisp code from flexbe_msgs/StateInstantiation.msg[0m
[ 15%] [34m[1mGenerating Lisp code from flexbe_msgs/BehaviorExecutionResult.msg[0m
[ 15%] [34m[1mGenerating Python from MSG flexbe_msgs/BehaviorSelection[0m
[ 15%] [34m[1mGenerating Lisp code from flexbe_msgs/BehaviorInputFeedback.msg[0m
[ 17%] [34m[1mGenerating Lisp code from flexbe_msgs/BehaviorSynthesisActionGoal.msg[0m
[ 18%] [34m[1mGenerating Python from MSG flexbe_msgs/OutcomeRequest[0m
[ 18%] [34m[1mGenerating Lisp code from flexbe_msgs/BehaviorLog.msg[0m
[ 19%] [34m[1mGenerating Lisp code from flexbe_msgs/UICommand.msg[0m
[ 19%] [34m[1mGenerating Python from MSG flexbe_msgs/SynthesisRequest[0m
[ 19%] [34m[1mGenerating Lisp code from flexbe_msgs/BehaviorSynthesisFeedback.msg[0m
[ 20%] [34m[1mGenerating Lisp code from flexbe_msgs/CommandFeedback.msg[0m
[ 20%] [34m[1mGenerating Lisp code from flexbe_msgs/BehaviorInputActionGoal.msg[0m
[ 21%] [34m[1mGenerating Python from MSG flexbe_msgs/BehaviorSynthesisAction[0m
[ 22%] [34m[1mGenerating Lisp code from flexbe_msgs/BEStatus.msg[0m
[ 22%] [34m[1mGenerating Lisp code from flexbe_msgs/BehaviorInputActionResult.msg[0m
[ 22%] [34m[1mGenerating Python from MSG flexbe_msgs/ContainerStructure[0m
[ 23%] [34m[1mGenerating Lisp code from flexbe_msgs/BehaviorExecutionGoal.msg[0m
[ 23%] [34m[1mGenerating Lisp code from flexbe_msgs/BehaviorModification.msg[0m
[ 24%] [34m[1mGenerating Python from MSG flexbe_msgs/BehaviorSync[0m
[ 25%] [34m[1mGenerating Lisp code from flexbe_msgs/BehaviorInputGoal.msg[0m
[ 25%] [34m[1mGenerating Lisp code from flexbe_msgs/BehaviorExecutionActionResult.msg[0m
[ 25%] [34m[1mGenerating Python from MSG flexbe_msgs/StateInstantiation[0m
[ 26%] [34m[1mGenerating Lisp code from flexbe_msgs/BehaviorExecutionActionGoal.msg[0m
[ 26%] [34m[1mGenerating Lisp code from flexbe_msgs/BehaviorInputAction.msg[0m
[ 27%] [34m[1mGenerating Python from MSG flexbe_msgs/BehaviorExecutionResult[0m
[ 28%] [34m[1mGenerating Lisp code from flexbe_msgs/BehaviorInputActionFeedback.msg[0m
[ 28%] [34m[1mGenerating Lisp code from flexbe_msgs/BehaviorSynthesisActionFeedback.msg[0m
[ 28%] [34m[1mGenerating Python from MSG flexbe_msgs/BehaviorInputFeedback[0m
[ 29%] [34m[1mGenerating Lisp code from flexbe_msgs/Container.msg[0m
[ 29%] Built target flexbe_msgs_generate_messages_lisp
[35m[1mScanning dependencies of target flexbe_msgs_generate_messages_nodejs[0m
[ 30%] [34m[1mGenerating Python from MSG flexbe_msgs/BehaviorSynthesisActionGoal[0m
[ 30%] [34m[1mGenerating Javascript code from flexbe_msgs/BehaviorSynthesisResult.msg[0m
[ 31%] [34m[1mGenerating Javascript code from flexbe_msgs/BehaviorExecutionFeedback.msg[0m
[ 32%] [34m[1mGenerating Python from MSG flexbe_msgs/BehaviorLog[0m
[ 34%] [34m[1mGenerating Javascript code from flexbe_msgs/OutcomeCondition.msg[0m
[ 34%] [34m[1mGenerating Javascript code from flexbe_msgs/BehaviorInputResult.msg[0m
[ 35%] [34m[1mGenerating Javascript code from flexbe_msgs/BehaviorRequest.msg[0m
[ 35%] [34m[1mGenerating Python from MSG flexbe_msgs/UICommand[0m
[ 35%] [34m[1mGenerating Javascript code from flexbe_msgs/SynthesisErrorCodes.msg[0m
[ 36%] [34m[1mGenerating Javascript code from flexbe_msgs/BehaviorExecutionActionFeedback.msg[0m
[ 37%] [34m[1mGenerating Python from MSG flexbe_msgs/BehaviorSynthesisFeedback[0m
[ 37%] [34m[1mGenerating Javascript code from flexbe_msgs/BehaviorExecutionAction.msg[0m
[ 38%] [34m[1mGenerating Javascript code from flexbe_msgs/BehaviorSynthesisGoal.msg[0m
[ 38%] [34m[1mGenerating Python from MSG flexbe_msgs/CommandFeedback[0m
[ 38%] [34m[1mGenerating Javascript code from flexbe_msgs/BehaviorSynthesisActionResult.msg[0m
[ 39%] [34m[1mGenerating Javascript code from flexbe_msgs/BehaviorSelection.msg[0m
[ 40%] [34m[1mGenerating Python from MSG flexbe_msgs/BehaviorInputActionGoal[0m
[ 40%] [34m[1mGenerating Javascript code from flexbe_msgs/OutcomeRequest.msg[0m
[ 41%] [34m[1mGenerating Javascript code from flexbe_msgs/SynthesisRequest.msg[0m
[ 41%] [34m[1mGenerating Python from MSG flexbe_msgs/BEStatus[0m
[ 41%] [34m[1mGenerating Javascript code from flexbe_msgs/BehaviorSynthesisAction.msg[0m
[ 42%] [34m[1mGenerating Python from MSG flexbe_msgs/BehaviorInputActionResult[0m
[ 43%] [34m[1mGenerating Javascript code from flexbe_msgs/ContainerStructure.msg[0m
[ 43%] [34m[1mGenerating Javascript code from flexbe_msgs/BehaviorSync.msg[0m
[ 44%] [34m[1mGenerating Javascript code from flexbe_msgs/StateInstantiation.msg[0m
[ 44%] [34m[1mGenerating Python from MSG flexbe_msgs/BehaviorExecutionGoal[0m
[ 44%] [34m[1mGenerating Javascript code from flexbe_msgs/BehaviorExecutionResult.msg[0m
[ 45%] [34m[1mGenerating Javascript code from flexbe_msgs/BehaviorInputFeedback.msg[0m
[ 46%] [34m[1mGenerating Python from MSG flexbe_msgs/BehaviorModification[0m
[ 46%] [34m[1mGenerating Javascript code from flexbe_msgs/BehaviorSynthesisActionGoal.msg[0m
[ 46%] [34m[1mGenerating Python from MSG flexbe_msgs/BehaviorInputGoal[0m
[ 47%] [34m[1mGenerating Javascript code from flexbe_msgs/BehaviorLog.msg[0m
[ 47%] [34m[1mGenerating Javascript code from flexbe_msgs/UICommand.msg[0m
[ 48%] [34m[1mGenerating Python from MSG flexbe_msgs/BehaviorExecutionActionResult[0m
[ 50%] [34m[1mGenerating Javascript code from flexbe_msgs/BehaviorSynthesisFeedback.msg[0m
[ 50%] [34m[1mGenerating Python from MSG flexbe_msgs/BehaviorExecutionActionGoal[0m
[ 50%] [34m[1mGenerating Javascript code from flexbe_msgs/CommandFeedback.msg[0m
[ 51%] [34m[1mGenerating Python from MSG flexbe_msgs/BehaviorInputAction[0m
[ 52%] [34m[1mGenerating Javascript code from flexbe_msgs/BehaviorInputActionGoal.msg[0m
[ 52%] [34m[1mGenerating Javascript code from flexbe_msgs/BEStatus.msg[0m
[ 53%] [34m[1mGenerating Javascript code from flexbe_msgs/BehaviorInputActionResult.msg[0m
[ 53%] [34m[1mGenerating Python from MSG flexbe_msgs/BehaviorInputActionFeedback[0m
[ 53%] [34m[1mGenerating Javascript code from flexbe_msgs/BehaviorExecutionGoal.msg[0m
[ 54%] [34m[1mGenerating Javascript code from flexbe_msgs/BehaviorModification.msg[0m
[ 55%] [34m[1mGenerating Python from MSG flexbe_msgs/BehaviorSynthesisActionFeedback[0m
[ 56%] [34m[1mGenerating Javascript code from flexbe_msgs/BehaviorInputGoal.msg[0m
[ 56%] [34m[1mGenerating Python from MSG flexbe_msgs/Container[0m
[ 56%] [34m[1mGenerating Javascript code from flexbe_msgs/BehaviorExecutionActionResult.msg[0m
[ 57%] [34m[1mGenerating Javascript code from flexbe_msgs/BehaviorExecutionActionGoal.msg[0m
[ 58%] [34m[1mGenerating Python msg __init__.py for flexbe_msgs[0m
[ 58%] [34m[1mGenerating Javascript code from flexbe_msgs/BehaviorInputAction.msg[0m
[ 59%] [34m[1mGenerating Javascript code from flexbe_msgs/BehaviorInputActionFeedback.msg[0m
[ 59%] [34m[1mGenerating Javascript code from flexbe_msgs/BehaviorSynthesisActionFeedback.msg[0m
[ 59%] Built target flexbe_msgs_generate_messages_py
[35m[1mScanning dependencies of target flexbe_msgs_generate_messages_eus[0m
[ 60%] [34m[1mGenerating Javascript code from flexbe_msgs/Container.msg[0m
[ 61%] [34m[1mGenerating EusLisp code from flexbe_msgs/BehaviorSynthesisResult.msg[0m
[ 61%] Built target flexbe_msgs_generate_messages_nodejs
[ 61%] [34m[1mGenerating EusLisp code from flexbe_msgs/BehaviorExecutionFeedback.msg[0m
[ 62%] [34m[1mGenerating EusLisp code from flexbe_msgs/OutcomeCondition.msg[0m
[ 62%] [34m[1mGenerating EusLisp code from flexbe_msgs/BehaviorInputResult.msg[0m
[ 63%] [34m[1mGenerating EusLisp code from flexbe_msgs/BehaviorRequest.msg[0m
[ 63%] [34m[1mGenerating EusLisp code from flexbe_msgs/SynthesisErrorCodes.msg[0m
[ 64%] [34m[1mGenerating EusLisp code from flexbe_msgs/BehaviorExecutionActionFeedback.msg[0m
[ 64%] [34m[1mGenerating EusLisp code from flexbe_msgs/BehaviorExecutionAction.msg[0m
[ 65%] [34m[1mGenerating EusLisp code from flexbe_msgs/BehaviorSynthesisGoal.msg[0m
[ 65%] [34m[1mGenerating EusLisp code from flexbe_msgs/BehaviorSynthesisActionResult.msg[0m
[ 67%] [34m[1mGenerating EusLisp code from flexbe_msgs/BehaviorSelection.msg[0m
[ 67%] [34m[1mGenerating EusLisp code from flexbe_msgs/OutcomeRequest.msg[0m
[ 68%] [34m[1mGenerating EusLisp code from flexbe_msgs/SynthesisRequest.msg[0m
[ 68%] [34m[1mGenerating EusLisp code from flexbe_msgs/BehaviorSynthesisAction.msg[0m
[ 69%] [34m[1mGenerating EusLisp code from flexbe_msgs/ContainerStructure.msg[0m
[ 69%] [34m[1mGenerating EusLisp code from flexbe_msgs/BehaviorSync.msg[0m
[ 70%] [34m[1mGenerating EusLisp code from flexbe_msgs/StateInstantiation.msg[0m
[ 70%] [34m[1mGenerating EusLisp code from flexbe_msgs/BehaviorExecutionResult.msg[0m
[ 71%] [34m[1mGenerating EusLisp code from flexbe_msgs/BehaviorInputFeedback.msg[0m
[ 72%] [34m[1mGenerating EusLisp code from flexbe_msgs/BehaviorSynthesisActionGoal.msg[0m
[ 72%] [34m[1mGenerating EusLisp code from flexbe_msgs/BehaviorLog.msg[0m
[ 73%] [34m[1mGenerating EusLisp code from flexbe_msgs/UICommand.msg[0m
[ 73%] [34m[1mGenerating EusLisp code from flexbe_msgs/BehaviorSynthesisFeedback.msg[0m
[ 74%] [34m[1mGenerating EusLisp code from flexbe_msgs/CommandFeedback.msg[0m
[ 74%] [34m[1mGenerating EusLisp code from flexbe_msgs/BehaviorInputActionGoal.msg[0m
[ 75%] [34m[1mGenerating EusLisp code from flexbe_msgs/BEStatus.msg[0m
[ 75%] [34m[1mGenerating EusLisp code from flexbe_msgs/BehaviorInputActionResult.msg[0m
[ 76%] [34m[1mGenerating EusLisp code from flexbe_msgs/BehaviorExecutionGoal.msg[0m
[ 76%] [34m[1mGenerating EusLisp code from flexbe_msgs/BehaviorModification.msg[0m
[ 77%] [34m[1mGenerating EusLisp code from flexbe_msgs/BehaviorInputGoal.msg[0m
[ 77%] [34m[1mGenerating EusLisp code from flexbe_msgs/BehaviorExecutionActionResult.msg[0m
[ 78%] [34m[1mGenerating EusLisp code from flexbe_msgs/BehaviorExecutionActionGoal.msg[0m
[ 78%] [34m[1mGenerating EusLisp code from flexbe_msgs/BehaviorInputAction.msg[0m
[ 79%] [34m[1mGenerating EusLisp code from flexbe_msgs/BehaviorInputActionFeedback.msg[0m
[ 79%] [34m[1mGenerating EusLisp code from flexbe_msgs/BehaviorSynthesisActionFeedback.msg[0m
[ 80%] [34m[1mGenerating EusLisp code from flexbe_msgs/Container.msg[0m
[ 80%] [34m[1mGenerating EusLisp manifest code for flexbe_msgs[0m
[35m[1mScanning dependencies of target flexbe_msgs_generate_messages_cpp[0m
[ 80%] [34m[1mGenerating C++ code from flexbe_msgs/BehaviorSynthesisResult.msg[0m
[ 81%] [34m[1mGenerating C++ code from flexbe_msgs/BehaviorExecutionFeedback.msg[0m
[ 81%] [34m[1mGenerating C++ code from flexbe_msgs/OutcomeCondition.msg[0m
[ 82%] [34m[1mGenerating C++ code from flexbe_msgs/BehaviorInputResult.msg[0m
[ 82%] [34m[1mGenerating C++ code from flexbe_msgs/BehaviorRequest.msg[0m
[ 84%] [34m[1mGenerating C++ code from flexbe_msgs/SynthesisErrorCodes.msg[0m
[ 84%] [34m[1mGenerating C++ code from flexbe_msgs/BehaviorExecutionActionFeedback.msg[0m
[ 85%] [34m[1mGenerating C++ code from flexbe_msgs/BehaviorExecutionAction.msg[0m
[ 85%] Built target flexbe_msgs_generate_messages_eus
[ 85%] [34m[1mGenerating C++ code from flexbe_msgs/BehaviorSynthesisGoal.msg[0m
[ 85%] [34m[1mGenerating C++ code from flexbe_msgs/BehaviorSelection.msg[0m
[ 86%] [34m[1mGenerating C++ code from flexbe_msgs/BehaviorSynthesisActionResult.msg[0m
[ 87%] [34m[1mGenerating C++ code from flexbe_msgs/OutcomeRequest.msg[0m
[ 87%] [34m[1mGenerating C++ code from flexbe_msgs/SynthesisRequest.msg[0m
[ 88%] [34m[1mGenerating C++ code from flexbe_msgs/BehaviorSynthesisAction.msg[0m
[ 88%] [34m[1mGenerating C++ code from flexbe_msgs/ContainerStructure.msg[0m
[ 89%] [34m[1mGenerating C++ code from flexbe_msgs/BehaviorSync.msg[0m
[ 89%] [34m[1mGenerating C++ code from flexbe_msgs/StateInstantiation.msg[0m
[ 90%] [34m[1mGenerating C++ code from flexbe_msgs/BehaviorExecutionResult.msg[0m
[ 90%] [34m[1mGenerating C++ code from flexbe_msgs/BehaviorInputFeedback.msg[0m
[ 91%] [34m[1mGenerating C++ code from flexbe_msgs/BehaviorSynthesisActionGoal.msg[0m
[ 91%] [34m[1mGenerating C++ code from flexbe_msgs/BehaviorLog.msg[0m
[ 92%] [34m[1mGenerating C++ code from flexbe_msgs/UICommand.msg[0m
[ 92%] [34m[1mGenerating C++ code from flexbe_msgs/BehaviorSynthesisFeedback.msg[0m
[ 93%] [34m[1mGenerating C++ code from flexbe_msgs/CommandFeedback.msg[0m
[ 93%] [34m[1mGenerating C++ code from flexbe_msgs/BehaviorInputActionGoal.msg[0m
[ 94%] [34m[1mGenerating C++ code from flexbe_msgs/BEStatus.msg[0m
[ 94%] [34m[1mGenerating C++ code from flexbe_msgs/BehaviorInputActionResult.msg[0m
[ 95%] [34m[1mGenerating C++ code from flexbe_msgs/BehaviorExecutionGoal.msg[0m
[ 96%] [34m[1mGenerating C++ code from flexbe_msgs/BehaviorModification.msg[0m
[ 96%] [34m[1mGenerating C++ code from flexbe_msgs/BehaviorInputGoal.msg[0m
[ 97%] [34m[1mGenerating C++ code from flexbe_msgs/BehaviorExecutionActionResult.msg[0m
[ 97%] [34m[1mGenerating C++ code from flexbe_msgs/BehaviorExecutionActionGoal.msg[0m
[ 98%] [34m[1mGenerating C++ code from flexbe_msgs/BehaviorInputAction.msg[0m
[ 98%] [34m[1mGenerating C++ code from flexbe_msgs/BehaviorInputActionFeedback.msg[0m
[100%] [34m[1mGenerating C++ code from flexbe_msgs/BehaviorSynthesisActionFeedback.msg[0m
[100%] [34m[1mGenerating C++ code from flexbe_msgs/Container.msg[0m
[100%] Built target flexbe_msgs_generate_messages_cpp
[35m[1mScanning dependencies of target flexbe_msgs_generate_messages[0m
[100%] Built target flexbe_msgs_generate_messages
