[  0%] Built target _flexbe_msgs_generate_messages_check_deps_Container
[  0%] Built target _flexbe_msgs_generate_messages_check_deps_BehaviorInputResult
[  0%] Built target _flexbe_msgs_generate_messages_check_deps_OutcomeCondition
[  0%] Built target _flexbe_msgs_generate_messages_check_deps_BehaviorExecutionFeedback
[  0%] Built target _flexbe_msgs_generate_messages_check_deps_BehaviorSynthesisResult
[  0%] Built target actionlib_msgs_generate_messages_py
[  0%] Built target _flexbe_msgs_generate_messages_check_deps_BehaviorSynthesisAction
[  0%] Built target _flexbe_msgs_generate_messages_check_deps_BehaviorInputActionGoal
[  0%] Built target _flexbe_msgs_generate_messages_check_deps_ContainerStructure
[  0%] Built target _flexbe_msgs_generate_messages_check_deps_SynthesisErrorCodes
[  0%] Built target _flexbe_msgs_generate_messages_check_deps_StateInstantiation
[  0%] Built target _flexbe_msgs_generate_messages_check_deps_BehaviorInputActionResult
[  0%] Built target _flexbe_msgs_generate_messages_check_deps_BehaviorExecutionActionGoal
[  0%] Built target _flexbe_msgs_generate_messages_check_deps_BehaviorSynthesisActionGoal
[  0%] Built target _flexbe_msgs_generate_messages_check_deps_BehaviorRequest
[  0%] Built target _flexbe_msgs_generate_messages_check_deps_BehaviorExecutionActionFeedback
[  0%] Built target _flexbe_msgs_generate_messages_check_deps_BehaviorSync
[  0%] Built target _flexbe_msgs_generate_messages_check_deps_BehaviorExecutionAction
[  0%] Built target _flexbe_msgs_generate_messages_check_deps_BehaviorSynthesisGoal
[  0%] Built target _flexbe_msgs_generate_messages_check_deps_BehaviorSynthesisActionResult
[  0%] Built target _flexbe_msgs_generate_messages_check_deps_BehaviorSelection
[  0%] Built target _flexbe_msgs_generate_messages_check_deps_BehaviorModification
[  0%] Built target _flexbe_msgs_generate_messages_check_deps_BehaviorExecutionResult
[  0%] Built target _flexbe_msgs_generate_messages_check_deps_OutcomeRequest
[  0%] Built target _flexbe_msgs_generate_messages_check_deps_BehaviorSynthesisFeedback
[  0%] Built target _flexbe_msgs_generate_messages_check_deps_BehaviorInputFeedback
[  0%] Built target _flexbe_msgs_generate_messages_check_deps_UICommand
[  0%] Built target _flexbe_msgs_generate_messages_check_deps_BehaviorLog
[  0%] Built target _flexbe_msgs_generate_messages_check_deps_CommandFeedback
[  0%] Built target _flexbe_msgs_generate_messages_check_deps_BehaviorExecutionGoal
[  0%] Built target _flexbe_msgs_generate_messages_check_deps_BEStatus
[  0%] Built target _flexbe_msgs_generate_messages_check_deps_BehaviorInputGoal
[  0%] Built target _flexbe_msgs_generate_messages_check_deps_SynthesisRequest
[  0%] Built target _flexbe_msgs_generate_messages_check_deps_BehaviorExecutionActionResult
[  0%] Built target _flexbe_msgs_generate_messages_check_deps_BehaviorInputAction
[  0%] Built target _flexbe_msgs_generate_messages_check_deps_BehaviorSynthesisActionFeedback
[  0%] Built target _flexbe_msgs_generate_messages_check_deps_BehaviorInputActionFeedback
[  0%] Built target actionlib_msgs_generate_messages_lisp
[  0%] Built target actionlib_msgs_generate_messages_nodejs
[  0%] Built target actionlib_msgs_generate_messages_eus
[  0%] Built target actionlib_msgs_generate_messages_cpp
[ 20%] Built target flexbe_msgs_generate_messages_py
[ 40%] Built target flexbe_msgs_generate_messages_lisp
[ 60%] Built target flexbe_msgs_generate_messages_nodejs
[ 80%] Built target flexbe_msgs_generate_messages_eus
[100%] Built target flexbe_msgs_generate_messages_cpp
[100%] Built target flexbe_msgs_generate_messages
