Determining if the pthread_create exist failed with the following output:
Change Dir: /home/comp2/simulation_ws/build/kobuki_controller_tutorial/CMakeFiles/CMakeTmp

Run Build Command:"/usr/bin/make" "cmTC_3a6fd/fast"
/usr/bin/make -f CMakeFiles/cmTC_3a6fd.dir/build.make CMakeFiles/cmTC_3a6fd.dir/build
make[1]: Entering directory '/home/comp2/simulation_ws/build/kobuki_controller_tutorial/CMakeFiles/CMakeTmp'
Building C object CMakeFiles/cmTC_3a6fd.dir/CheckSymbolExists.c.o
/usr/bin/cc    -o CMakeFiles/cmTC_3a6fd.dir/CheckSymbolExists.c.o   -c /home/comp2/simulation_ws/build/kobuki_controller_tutorial/CMakeFiles/CMakeTmp/CheckSymbolExists.c
Linking C executable cmTC_3a6fd
/usr/bin/cmake -E cmake_link_script CMakeFiles/cmTC_3a6fd.dir/link.txt --verbose=1
/usr/bin/cc      -rdynamic CMakeFiles/cmTC_3a6fd.dir/CheckSymbolExists.c.o  -o cmTC_3a6fd 
CMakeFiles/cmTC_3a6fd.dir/CheckSymbolExists.c.o: In function `main':
CheckSymbolExists.c:(.text+0x1b): undefined reference to `pthread_create'
collect2: error: ld returned 1 exit status
CMakeFiles/cmTC_3a6fd.dir/build.make:97: recipe for target 'cmTC_3a6fd' failed
make[1]: *** [cmTC_3a6fd] Error 1
make[1]: Leaving directory '/home/comp2/simulation_ws/build/kobuki_controller_tutorial/CMakeFiles/CMakeTmp'
Makefile:126: recipe for target 'cmTC_3a6fd/fast' failed
make: *** [cmTC_3a6fd/fast] Error 2

File /home/comp2/simulation_ws/build/kobuki_controller_tutorial/CMakeFiles/CMakeTmp/CheckSymbolExists.c:
/* */
#include <pthread.h>

int main(int argc, char** argv)
{
  (void)argv;
#ifndef pthread_create
  return ((int*)(&pthread_create))[argc];
#else
  (void)argc;
  return 0;
#endif
}

Determining if the function pthread_create exists in the pthreads failed with the following output:
Change Dir: /home/comp2/simulation_ws/build/kobuki_controller_tutorial/CMakeFiles/CMakeTmp

Run Build Command:"/usr/bin/make" "cmTC_87fcc/fast"
/usr/bin/make -f CMakeFiles/cmTC_87fcc.dir/build.make CMakeFiles/cmTC_87fcc.dir/build
make[1]: Entering directory '/home/comp2/simulation_ws/build/kobuki_controller_tutorial/CMakeFiles/CMakeTmp'
Building C object CMakeFiles/cmTC_87fcc.dir/CheckFunctionExists.c.o
/usr/bin/cc   -DCHECK_FUNCTION_EXISTS=pthread_create   -o CMakeFiles/cmTC_87fcc.dir/CheckFunctionExists.c.o   -c /usr/share/cmake-3.10/Modules/CheckFunctionExists.c
Linking C executable cmTC_87fcc
/usr/bin/cmake -E cmake_link_script CMakeFiles/cmTC_87fcc.dir/link.txt --verbose=1
/usr/bin/cc  -DCHECK_FUNCTION_EXISTS=pthread_create    -rdynamic CMakeFiles/cmTC_87fcc.dir/CheckFunctionExists.c.o  -o cmTC_87fcc -lpthreads 
/usr/bin/ld: cannot find -lpthreads
collect2: error: ld returned 1 exit status
CMakeFiles/cmTC_87fcc.dir/build.make:97: recipe for target 'cmTC_87fcc' failed
make[1]: *** [cmTC_87fcc] Error 1
make[1]: Leaving directory '/home/comp2/simulation_ws/build/kobuki_controller_tutorial/CMakeFiles/CMakeTmp'
Makefile:126: recipe for target 'cmTC_87fcc/fast' failed
make: *** [cmTC_87fcc/fast] Error 2


